Base path: '/Applications/Unity/Hub/Editor/2020.3.33f1/Unity.app/Contents', plugins path '/Applications/Unity/Hub/Editor/2020.3.33f1/Unity.app/Contents/PlaybackEngines'
Cmd: initializeCompiler

Cmd: compileComputeKernel
  insize=980 file=/Users/colenemec/Desktop/nexersys/MovementDetectionUpgrade/NXS-MovementDetection-Barracuda-PoseNet-Tutorial-V2/Library/PackageCache/com.unity.barracuda@2.1.0-preview/Barracuda/Runtime/Core/Resources/Barracuda/Broadcast_NCHW.compute kernel=BroadcastMean_NCHW cachingPP=1 ppOnly=0 stripLineD=0 buildPlatform=2 km=<CHANNELS_FIRST=1>,<UNITY_VERSION=202039> pKW=UNITY_ENABLE_REFLECTION_BUFFERS UNITY_USE_DITHER_MASK_FOR_ALPHABLENDED_SHADOWS UNITY_PBS_USE_BRDF1 UNITY_SPECCUBE_BOX_PROJECTION UNITY_SPECCUBE_BLENDING UNITY_ENABLE_DETAIL_NORMALMAP SHADER_API_DESKTOP UNITY_COLORSPACE_GAMMA UNITY_LIGHT_PROBE_PROXY_VOLUME UNITY_LIGHTMAP_FULL_HDR uKW=SHADER_STAGE_COMPUTE platform=metal flags=4096 ok=1 outsize=3170

Cmd: compileComputeKernel
  insize=13347 file=/Users/colenemec/Desktop/nexersys/MovementDetectionUpgrade/NXS-MovementDetection-Barracuda-PoseNet-Tutorial-V2/Library/PackageCache/com.unity.barracuda@2.1.0-preview/Barracuda/Runtime/Core/Resources/Barracuda/Conv3d.compute kernel=Conv3DKernelKxK_StrictC8StrictK32_T8x16_R4x4_NCHW cachingPP=1 ppOnly=0 stripLineD=0 buildPlatform=2 km=<CHANNELS_FIRST=1>,<STRICT_CHANNELS=1>,<SUFFIX=KernelKxK_StrictC8StrictK32_T8x16_R>,<UNITY_VERSION=202039> pKW=UNITY_ENABLE_REFLECTION_BUFFERS UNITY_USE_DITHER_MASK_FOR_ALPHABLENDED_SHADOWS UNITY_PBS_USE_BRDF1 UNITY_SPECCUBE_BOX_PROJECTION UNITY_SPECCUBE_BLENDING UNITY_ENABLE_DETAIL_NORMALMAP SHADER_API_DESKTOP UNITY_COLORSPACE_GAMMA UNITY_LIGHT_PROBE_PROXY_VOLUME UNITY_LIGHTMAP_FULL_HDR uKW=SHADER_STAGE_COMPUTE platform=metal flags=4096 ok=1 outsize=21640

Cmd: compileComputeKernel
  insize=15342 file=/Users/colenemec/Desktop/nexersys/MovementDetectionUpgrade/NXS-MovementDetection-Barracuda-PoseNet-Tutorial-V2/Library/PackageCache/com.unity.barracuda@2.1.0-preview/Barracuda/Runtime/Core/Resources/Barracuda/Reduce.compute kernel=PartialReduceSum_Loop cachingPP=1 ppOnly=0 stripLineD=0 buildPlatform=2 km=<LOOP=1>,<REDUCESUM=1>,<PARTIALSUFFIX=PartialReduceSum>,<UNITY_VERSION=202039> pKW=UNITY_ENABLE_REFLECTION_BUFFERS UNITY_USE_DITHER_MASK_FOR_ALPHABLENDED_SHADOWS UNITY_PBS_USE_BRDF1 UNITY_SPECCUBE_BOX_PROJECTION UNITY_SPECCUBE_BLENDING UNITY_ENABLE_DETAIL_NORMALMAP SHADER_API_DESKTOP UNITY_COLORSPACE_GAMMA UNITY_LIGHT_PROBE_PROXY_VOLUME UNITY_LIGHTMAP_FULL_HDR uKW=SHADER_STAGE_COMPUTE platform=metal flags=4096 ok=1 outsize=7429

Cmd: compileComputeKernel
  insize=76435 file=/Users/colenemec/Desktop/nexersys/MovementDetectionUpgrade/NXS-MovementDetection-Barracuda-PoseNet-Tutorial-V2/Library/PackageCache/com.unity.barracuda@2.1.0-preview/Barracuda/Runtime/Core/Resources/Barracuda/Dense.compute kernel=Dense_L1Cached64 cachingPP=1 ppOnly=0 stripLineD=0 buildPlatform=2 km=<UNITY_VERSION=202039> pKW=UNITY_ENABLE_REFLECTION_BUFFERS UNITY_USE_DITHER_MASK_FOR_ALPHABLENDED_SHADOWS UNITY_PBS_USE_BRDF1 UNITY_SPECCUBE_BOX_PROJECTION UNITY_SPECCUBE_BLENDING UNITY_ENABLE_DETAIL_NORMALMAP SHADER_API_DESKTOP UNITY_COLORSPACE_GAMMA UNITY_LIGHT_PROBE_PROXY_VOLUME UNITY_LIGHTMAP_FULL_HDR uKW=SHADER_STAGE_COMPUTE platform=metal flags=4096 ok=1 outsize=26386

Cmd: compileComputeKernel
  insize=81930 file=/Users/colenemec/Desktop/nexersys/MovementDetectionUpgrade/NXS-MovementDetection-Barracuda-PoseNet-Tutorial-V2/Library/PackageCache/com.unity.barracuda@2.1.0-preview/Barracuda/Runtime/Core/Resources/Barracuda/BarracudaReferenceImpl.compute kernel=Dense3_NCHW cachingPP=1 ppOnly=0 stripLineD=0 buildPlatform=2 km=<CHANNELS_FIRST=1>,<UNITY_VERSION=202039> pKW=UNITY_ENABLE_REFLECTION_BUFFERS UNITY_USE_DITHER_MASK_FOR_ALPHABLENDED_SHADOWS UNITY_PBS_USE_BRDF1 UNITY_SPECCUBE_BOX_PROJECTION UNITY_SPECCUBE_BLENDING UNITY_ENABLE_DETAIL_NORMALMAP SHADER_API_DESKTOP UNITY_COLORSPACE_GAMMA UNITY_LIGHT_PROBE_PROXY_VOLUME UNITY_LIGHTMAP_FULL_HDR uKW=SHADER_STAGE_COMPUTE platform=metal flags=4096  error: 1 plat 14 at BarracudaReferenceImpl.compute(1290): signed/unsigned mismatch, unsigned assumed
  error: 1 plat 14 at BarracudaReferenceImpl.compute(1291): signed/unsigned mismatch, unsigned assumed
  error: 1 plat 14 at BarracudaReferenceImpl.compute(1295): signed/unsigned mismatch, unsigned assumed
  error: 1 plat 14 at BarracudaReferenceImpl.compute(1303): signed/unsigned mismatch, unsigned assumed
  error: 1 plat 14 at BarracudaReferenceImpl.compute(1309): signed/unsigned mismatch, unsigned assumed
 ok=1 outsize=2974

Cmd: compileComputeKernel
  insize=81930 file=/Users/colenemec/Desktop/nexersys/MovementDetectionUpgrade/NXS-MovementDetection-Barracuda-PoseNet-Tutorial-V2/Library/PackageCache/com.unity.barracuda@2.1.0-preview/Barracuda/Runtime/Core/Resources/Barracuda/BarracudaReferenceImpl.compute kernel=Upsample3D_NHWC cachingPP=1 ppOnly=0 stripLineD=0 buildPlatform=2 km=<CHANNELS_FIRST=0>,<UNITY_VERSION=202039> pKW=UNITY_ENABLE_REFLECTION_BUFFERS UNITY_USE_DITHER_MASK_FOR_ALPHABLENDED_SHADOWS UNITY_PBS_USE_BRDF1 UNITY_SPECCUBE_BOX_PROJECTION UNITY_SPECCUBE_BLENDING UNITY_ENABLE_DETAIL_NORMALMAP SHADER_API_DESKTOP UNITY_COLORSPACE_GAMMA UNITY_LIGHT_PROBE_PROXY_VOLUME UNITY_LIGHTMAP_FULL_HDR uKW=SHADER_STAGE_COMPUTE platform=metal flags=4096  error: 1 plat 14 at BarracudaReferenceImpl.compute(1290): signed/unsigned mismatch, unsigned assumed
  error: 1 plat 14 at BarracudaReferenceImpl.compute(1291): signed/unsigned mismatch, unsigned assumed
  error: 1 plat 14 at BarracudaReferenceImpl.compute(1295): signed/unsigned mismatch, unsigned assumed
  error: 1 plat 14 at BarracudaReferenceImpl.compute(1303): signed/unsigned mismatch, unsigned assumed
  error: 1 plat 14 at BarracudaReferenceImpl.compute(1309): signed/unsigned mismatch, unsigned assumed
 ok=1 outsize=4546

Cmd: compileComputeKernel
  insize=81930 file=/Users/colenemec/Desktop/nexersys/MovementDetectionUpgrade/NXS-MovementDetection-Barracuda-PoseNet-Tutorial-V2/Library/PackageCache/com.unity.barracuda@2.1.0-preview/Barracuda/Runtime/Core/Resources/Barracuda/BarracudaReferenceImpl.compute kernel=ResampleBilinear2D_NHWC cachingPP=1 ppOnly=0 stripLineD=0 buildPlatform=2 km=<CHANNELS_FIRST=0>,<UNITY_VERSION=202039> pKW=UNITY_ENABLE_REFLECTION_BUFFERS UNITY_USE_DITHER_MASK_FOR_ALPHABLENDED_SHADOWS UNITY_PBS_USE_BRDF1 UNITY_SPECCUBE_BOX_PROJECTION UNITY_SPECCUBE_BLENDING UNITY_ENABLE_DETAIL_NORMALMAP SHADER_API_DESKTOP UNITY_COLORSPACE_GAMMA UNITY_LIGHT_PROBE_PROXY_VOLUME UNITY_LIGHTMAP_FULL_HDR uKW=SHADER_STAGE_COMPUTE platform=metal flags=4096  error: 1 plat 14 at BarracudaReferenceImpl.compute(1290): signed/unsigned mismatch, unsigned assumed
  error: 1 plat 14 at BarracudaReferenceImpl.compute(1291): signed/unsigned mismatch, unsigned assumed
  error: 1 plat 14 at BarracudaReferenceImpl.compute(1295): signed/unsigned mismatch, unsigned assumed
  error: 1 plat 14 at BarracudaReferenceImpl.compute(1303): signed/unsigned mismatch, unsigned assumed
  error: 1 plat 14 at BarracudaReferenceImpl.compute(1309): signed/unsigned mismatch, unsigned assumed
 ok=1 outsize=4966

Cmd: compileComputeKernel
  insize=81930 file=/Users/colenemec/Desktop/nexersys/MovementDetectionUpgrade/NXS-MovementDetection-Barracuda-PoseNet-Tutorial-V2/Library/PackageCache/com.unity.barracuda@2.1.0-preview/Barracuda/Runtime/Core/Resources/Barracuda/BarracudaReferenceImpl.compute kernel=Unstride2D_NHWC cachingPP=1 ppOnly=0 stripLineD=0 buildPlatform=2 km=<CHANNELS_FIRST=0>,<UNITY_VERSION=202039> pKW=UNITY_ENABLE_REFLECTION_BUFFERS UNITY_USE_DITHER_MASK_FOR_ALPHABLENDED_SHADOWS UNITY_PBS_USE_BRDF1 UNITY_SPECCUBE_BOX_PROJECTION UNITY_SPECCUBE_BLENDING UNITY_ENABLE_DETAIL_NORMALMAP SHADER_API_DESKTOP UNITY_COLORSPACE_GAMMA UNITY_LIGHT_PROBE_PROXY_VOLUME UNITY_LIGHTMAP_FULL_HDR uKW=SHADER_STAGE_COMPUTE platform=metal flags=4096  error: 1 plat 14 at BarracudaReferenceImpl.compute(1290): signed/unsigned mismatch, unsigned assumed
  error: 1 plat 14 at BarracudaReferenceImpl.compute(1291): signed/unsigned mismatch, unsigned assumed
  error: 1 plat 14 at BarracudaReferenceImpl.compute(1295): signed/unsigned mismatch, unsigned assumed
  error: 1 plat 14 at BarracudaReferenceImpl.compute(1303): signed/unsigned mismatch, unsigned assumed
  error: 1 plat 14 at BarracudaReferenceImpl.compute(1309): signed/unsigned mismatch, unsigned assumed
 ok=1 outsize=3185

Cmd: compileComputeKernel
  insize=81930 file=/Users/colenemec/Desktop/nexersys/MovementDetectionUpgrade/NXS-MovementDetection-Barracuda-PoseNet-Tutorial-V2/Library/PackageCache/com.unity.barracuda@2.1.0-preview/Barracuda/Runtime/Core/Resources/Barracuda/BarracudaReferenceImpl.compute kernel=GlobalAvgVariancePool2D_NHWC cachingPP=1 ppOnly=0 stripLineD=0 buildPlatform=2 km=<CHANNELS_FIRST=0>,<UNITY_VERSION=202039> pKW=UNITY_ENABLE_REFLECTION_BUFFERS UNITY_USE_DITHER_MASK_FOR_ALPHABLENDED_SHADOWS UNITY_PBS_USE_BRDF1 UNITY_SPECCUBE_BOX_PROJECTION UNITY_SPECCUBE_BLENDING UNITY_ENABLE_DETAIL_NORMALMAP SHADER_API_DESKTOP UNITY_COLORSPACE_GAMMA UNITY_LIGHT_PROBE_PROXY_VOLUME UNITY_LIGHTMAP_FULL_HDR uKW=SHADER_STAGE_COMPUTE platform=metal flags=4096  error: 1 plat 14 at BarracudaReferenceImpl.compute(1290): signed/unsigned mismatch, unsigned assumed
  error: 1 plat 14 at BarracudaReferenceImpl.compute(1291): signed/unsigned mismatch, unsigned assumed
  error: 1 plat 14 at BarracudaReferenceImpl.compute(1295): signed/unsigned mismatch, unsigned assumed
  error: 1 plat 14 at BarracudaReferenceImpl.compute(1303): signed/unsigned mismatch, unsigned assumed
  error: 1 plat 14 at BarracudaReferenceImpl.compute(1309): signed/unsigned mismatch, unsigned assumed
 ok=1 outsize=3373

Cmd: compileComputeKernel
  insize=81930 file=/Users/colenemec/Desktop/nexersys/MovementDetectionUpgrade/NXS-MovementDetection-Barracuda-PoseNet-Tutorial-V2/Library/PackageCache/com.unity.barracuda@2.1.0-preview/Barracuda/Runtime/Core/Resources/Barracuda/BarracudaReferenceImpl.compute kernel=Abs_NHWC cachingPP=1 ppOnly=0 stripLineD=0 buildPlatform=2 km=<CHANNELS_FIRST=0>,<UNITY_VERSION=202039> pKW=UNITY_ENABLE_REFLECTION_BUFFERS UNITY_USE_DITHER_MASK_FOR_ALPHABLENDED_SHADOWS UNITY_PBS_USE_BRDF1 UNITY_SPECCUBE_BOX_PROJECTION UNITY_SPECCUBE_BLENDING UNITY_ENABLE_DETAIL_NORMALMAP SHADER_API_DESKTOP UNITY_COLORSPACE_GAMMA UNITY_LIGHT_PROBE_PROXY_VOLUME UNITY_LIGHTMAP_FULL_HDR uKW=SHADER_STAGE_COMPUTE platform=metal flags=4096  error: 1 plat 14 at BarracudaReferenceImpl.compute(1290): signed/unsigned mismatch, unsigned assumed
  error: 1 plat 14 at BarracudaReferenceImpl.compute(1291): signed/unsigned mismatch, unsigned assumed
  error: 1 plat 14 at BarracudaReferenceImpl.compute(1295): signed/unsigned mismatch, unsigned assumed
  error: 1 plat 14 at BarracudaReferenceImpl.compute(1303): signed/unsigned mismatch, unsigned assumed
  error: 1 plat 14 at BarracudaReferenceImpl.compute(1309): signed/unsigned mismatch, unsigned assumed
 ok=1 outsize=7019

Cmd: compileComputeKernel
  insize=81930 file=/Users/colenemec/Desktop/nexersys/MovementDetectionUpgrade/NXS-MovementDetection-Barracuda-PoseNet-Tutorial-V2/Library/PackageCache/com.unity.barracuda@2.1.0-preview/Barracuda/Runtime/Core/Resources/Barracuda/BarracudaReferenceImpl.compute kernel=Reciprocal_NHWC cachingPP=1 ppOnly=0 stripLineD=0 buildPlatform=2 km=<CHANNELS_FIRST=0>,<UNITY_VERSION=202039> pKW=UNITY_ENABLE_REFLECTION_BUFFERS UNITY_USE_DITHER_MASK_FOR_ALPHABLENDED_SHADOWS UNITY_PBS_USE_BRDF1 UNITY_SPECCUBE_BOX_PROJECTION UNITY_SPECCUBE_BLENDING UNITY_ENABLE_DETAIL_NORMALMAP SHADER_API_DESKTOP UNITY_COLORSPACE_GAMMA UNITY_LIGHT_PROBE_PROXY_VOLUME UNITY_LIGHTMAP_FULL_HDR uKW=SHADER_STAGE_COMPUTE platform=metal flags=4096  error: 1 plat 14 at BarracudaReferenceImpl.compute(1290): signed/unsigned mismatch, unsigned assumed
  error: 1 plat 14 at BarracudaReferenceImpl.compute(1291): signed/unsigned mismatch, unsigned assumed
  error: 1 plat 14 at BarracudaReferenceImpl.compute(1295): signed/unsigned mismatch, unsigned assumed
  error: 1 plat 14 at BarracudaReferenceImpl.compute(1303): signed/unsigned mismatch, unsigned assumed
  error: 1 plat 14 at BarracudaReferenceImpl.compute(1309): signed/unsigned mismatch, unsigned assumed
 ok=1 outsize=7034

Cmd: compileComputeKernel
  insize=81930 file=/Users/colenemec/Desktop/nexersys/MovementDetectionUpgrade/NXS-MovementDetection-Barracuda-PoseNet-Tutorial-V2/Library/PackageCache/com.unity.barracuda@2.1.0-preview/Barracuda/Runtime/Core/Resources/Barracuda/BarracudaReferenceImpl.compute kernel=Relu6_NHWC cachingPP=1 ppOnly=0 stripLineD=0 buildPlatform=2 km=<CHANNELS_FIRST=0>,<UNITY_VERSION=202039> pKW=UNITY_ENABLE_REFLECTION_BUFFERS UNITY_USE_DITHER_MASK_FOR_ALPHABLENDED_SHADOWS UNITY_PBS_USE_BRDF1 UNITY_SPECCUBE_BOX_PROJECTION UNITY_SPECCUBE_BLENDING UNITY_ENABLE_DETAIL_NORMALMAP SHADER_API_DESKTOP UNITY_COLORSPACE_GAMMA UNITY_LIGHT_PROBE_PROXY_VOLUME UNITY_LIGHTMAP_FULL_HDR uKW=SHADER_STAGE_COMPUTE platform=metal flags=4096  error: 1 plat 14 at BarracudaReferenceImpl.compute(1290): signed/unsigned mismatch, unsigned assumed
  error: 1 plat 14 at BarracudaReferenceImpl.compute(1291): signed/unsigned mismatch, unsigned assumed
  error: 1 plat 14 at BarracudaReferenceImpl.compute(1295): signed/unsigned mismatch, unsigned assumed
  error: 1 plat 14 at BarracudaReferenceImpl.compute(1303): signed/unsigned mismatch, unsigned assumed
  error: 1 plat 14 at BarracudaReferenceImpl.compute(1309): signed/unsigned mismatch, unsigned assumed
 ok=1 outsize=7081

Cmd: compileComputeKernel
  insize=81930 file=/Users/colenemec/Desktop/nexersys/MovementDetectionUpgrade/NXS-MovementDetection-Barracuda-PoseNet-Tutorial-V2/Library/PackageCache/com.unity.barracuda@2.1.0-preview/Barracuda/Runtime/Core/Resources/Barracuda/BarracudaReferenceImpl.compute kernel=Log_NHWC cachingPP=1 ppOnly=0 stripLineD=0 buildPlatform=2 km=<CHANNELS_FIRST=0>,<UNITY_VERSION=202039> pKW=UNITY_ENABLE_REFLECTION_BUFFERS UNITY_USE_DITHER_MASK_FOR_ALPHABLENDED_SHADOWS UNITY_PBS_USE_BRDF1 UNITY_SPECCUBE_BOX_PROJECTION UNITY_SPECCUBE_BLENDING UNITY_ENABLE_DETAIL_NORMALMAP SHADER_API_DESKTOP UNITY_COLORSPACE_GAMMA UNITY_LIGHT_PROBE_PROXY_VOLUME UNITY_LIGHTMAP_FULL_HDR uKW=SHADER_STAGE_COMPUTE platform=metal flags=4096  error: 1 plat 14 at BarracudaReferenceImpl.compute(1290): signed/unsigned mismatch, unsigned assumed
  error: 1 plat 14 at BarracudaReferenceImpl.compute(1291): signed/unsigned mismatch, unsigned assumed
  error: 1 plat 14 at BarracudaReferenceImpl.compute(1295): signed/unsigned mismatch, unsigned assumed
  error: 1 plat 14 at BarracudaReferenceImpl.compute(1303): signed/unsigned mismatch, unsigned assumed
  error: 1 plat 14 at BarracudaReferenceImpl.compute(1309): signed/unsigned mismatch, unsigned assumed
 ok=1 outsize=7079

Cmd: compileComputeKernel
  insize=81930 file=/Users/colenemec/Desktop/nexersys/MovementDetectionUpgrade/NXS-MovementDetection-Barracuda-PoseNet-Tutorial-V2/Library/PackageCache/com.unity.barracuda@2.1.0-preview/Barracuda/Runtime/Core/Resources/Barracuda/BarracudaReferenceImpl.compute kernel=Asin_NCHW cachingPP=1 ppOnly=0 stripLineD=0 buildPlatform=2 km=<CHANNELS_FIRST=1>,<UNITY_VERSION=202039> pKW=UNITY_ENABLE_REFLECTION_BUFFERS UNITY_USE_DITHER_MASK_FOR_ALPHABLENDED_SHADOWS UNITY_PBS_USE_BRDF1 UNITY_SPECCUBE_BOX_PROJECTION UNITY_SPECCUBE_BLENDING UNITY_ENABLE_DETAIL_NORMALMAP SHADER_API_DESKTOP UNITY_COLORSPACE_GAMMA UNITY_LIGHT_PROBE_PROXY_VOLUME UNITY_LIGHTMAP_FULL_HDR uKW=SHADER_STAGE_COMPUTE platform=metal flags=4096  error: 1 plat 14 at BarracudaReferenceImpl.compute(1290): signed/unsigned mismatch, unsigned assumed
  error: 1 plat 14 at BarracudaReferenceImpl.compute(1291): signed/unsigned mismatch, unsigned assumed
  error: 1 plat 14 at BarracudaReferenceImpl.compute(1295): signed/unsigned mismatch, unsigned assumed
  error: 1 plat 14 at BarracudaReferenceImpl.compute(1303): signed/unsigned mismatch, unsigned assumed
  error: 1 plat 14 at BarracudaReferenceImpl.compute(1309): signed/unsigned mismatch, unsigned assumed
 ok=1 outsize=7665

Cmd: compileComputeKernel
  insize=81930 file=/Users/colenemec/Desktop/nexersys/MovementDetectionUpgrade/NXS-MovementDetection-Barracuda-PoseNet-Tutorial-V2/Library/PackageCache/com.unity.barracuda@2.1.0-preview/Barracuda/Runtime/Core/Resources/Barracuda/BarracudaReferenceImpl.compute kernel=Sinh_NHWC cachingPP=1 ppOnly=0 stripLineD=0 buildPlatform=2 km=<CHANNELS_FIRST=0>,<UNITY_VERSION=202039> pKW=UNITY_ENABLE_REFLECTION_BUFFERS UNITY_USE_DITHER_MASK_FOR_ALPHABLENDED_SHADOWS UNITY_PBS_USE_BRDF1 UNITY_SPECCUBE_BOX_PROJECTION UNITY_SPECCUBE_BLENDING UNITY_ENABLE_DETAIL_NORMALMAP SHADER_API_DESKTOP UNITY_COLORSPACE_GAMMA UNITY_LIGHT_PROBE_PROXY_VOLUME UNITY_LIGHTMAP_FULL_HDR uKW=SHADER_STAGE_COMPUTE platform=metal flags=4096  error: 1 plat 14 at BarracudaReferenceImpl.compute(1290): signed/unsigned mismatch, unsigned assumed
  error: 1 plat 14 at BarracudaReferenceImpl.compute(1291): signed/unsigned mismatch, unsigned assumed
  error: 1 plat 14 at BarracudaReferenceImpl.compute(1295): signed/unsigned mismatch, unsigned assumed
  error: 1 plat 14 at BarracudaReferenceImpl.compute(1303): signed/unsigned mismatch, unsigned assumed
  error: 1 plat 14 at BarracudaReferenceImpl.compute(1309): signed/unsigned mismatch, unsigned assumed
 ok=1 outsize=7246

Cmd: compileComputeKernel
  insize=81930 file=/Users/colenemec/Desktop/nexersys/MovementDetectionUpgrade/NXS-MovementDetection-Barracuda-PoseNet-Tutorial-V2/Library/PackageCache/com.unity.barracuda@2.1.0-preview/Barracuda/Runtime/Core/Resources/Barracuda/BarracudaReferenceImpl.compute kernel=BroadcastAdd_NCHW cachingPP=1 ppOnly=0 stripLineD=0 buildPlatform=2 km=<CHANNELS_FIRST=1>,<UNITY_VERSION=202039> pKW=UNITY_ENABLE_REFLECTION_BUFFERS UNITY_USE_DITHER_MASK_FOR_ALPHABLENDED_SHADOWS UNITY_PBS_USE_BRDF1 UNITY_SPECCUBE_BOX_PROJECTION UNITY_SPECCUBE_BLENDING UNITY_ENABLE_DETAIL_NORMALMAP SHADER_API_DESKTOP UNITY_COLORSPACE_GAMMA UNITY_LIGHT_PROBE_PROXY_VOLUME UNITY_LIGHTMAP_FULL_HDR uKW=SHADER_STAGE_COMPUTE platform=metal flags=4096  error: 1 plat 14 at BarracudaReferenceImpl.compute(1290): signed/unsigned mismatch, unsigned assumed
  error: 1 plat 14 at BarracudaReferenceImpl.compute(1291): signed/unsigned mismatch, unsigned assumed
  error: 1 plat 14 at BarracudaReferenceImpl.compute(1295): signed/unsigned mismatch, unsigned assumed
  error: 1 plat 14 at BarracudaReferenceImpl.compute(1303): signed/unsigned mismatch, unsigned assumed
  error: 1 plat 14 at BarracudaReferenceImpl.compute(1309): signed/unsigned mismatch, unsigned assumed
 ok=1 outsize=11277

Cmd: compileComputeKernel
  insize=81930 file=/Users/colenemec/Desktop/nexersys/MovementDetectionUpgrade/NXS-MovementDetection-Barracuda-PoseNet-Tutorial-V2/Library/PackageCache/com.unity.barracuda@2.1.0-preview/Barracuda/Runtime/Core/Resources/Barracuda/BarracudaReferenceImpl.compute kernel=BroadcastMax_NCHW cachingPP=1 ppOnly=0 stripLineD=0 buildPlatform=2 km=<CHANNELS_FIRST=1>,<UNITY_VERSION=202039> pKW=UNITY_ENABLE_REFLECTION_BUFFERS UNITY_USE_DITHER_MASK_FOR_ALPHABLENDED_SHADOWS UNITY_PBS_USE_BRDF1 UNITY_SPECCUBE_BOX_PROJECTION UNITY_SPECCUBE_BLENDING UNITY_ENABLE_DETAIL_NORMALMAP SHADER_API_DESKTOP UNITY_COLORSPACE_GAMMA UNITY_LIGHT_PROBE_PROXY_VOLUME UNITY_LIGHTMAP_FULL_HDR uKW=SHADER_STAGE_COMPUTE platform=metal flags=4096  error: 1 plat 14 at BarracudaReferenceImpl.compute(1290): signed/unsigned mismatch, unsigned assumed
  error: 1 plat 14 at BarracudaReferenceImpl.compute(1291): signed/unsigned mismatch, unsigned assumed
  error: 1 plat 14 at BarracudaReferenceImpl.compute(1295): signed/unsigned mismatch, unsigned assumed
  error: 1 plat 14 at BarracudaReferenceImpl.compute(1303): signed/unsigned mismatch, unsigned assumed
  error: 1 plat 14 at BarracudaReferenceImpl.compute(1309): signed/unsigned mismatch, unsigned assumed
 ok=1 outsize=11281

Cmd: compileComputeKernel
  insize=81930 file=/Users/colenemec/Desktop/nexersys/MovementDetectionUpgrade/NXS-MovementDetection-Barracuda-PoseNet-Tutorial-V2/Library/PackageCache/com.unity.barracuda@2.1.0-preview/Barracuda/Runtime/Core/Resources/Barracuda/BarracudaReferenceImpl.compute kernel=BroadcastEqual_NHWC cachingPP=1 ppOnly=0 stripLineD=0 buildPlatform=2 km=<CHANNELS_FIRST=0>,<UNITY_VERSION=202039> pKW=UNITY_ENABLE_REFLECTION_BUFFERS UNITY_USE_DITHER_MASK_FOR_ALPHABLENDED_SHADOWS UNITY_PBS_USE_BRDF1 UNITY_SPECCUBE_BOX_PROJECTION UNITY_SPECCUBE_BLENDING UNITY_ENABLE_DETAIL_NORMALMAP SHADER_API_DESKTOP UNITY_COLORSPACE_GAMMA UNITY_LIGHT_PROBE_PROXY_VOLUME UNITY_LIGHTMAP_FULL_HDR uKW=SHADER_STAGE_COMPUTE platform=metal flags=4096  error: 1 plat 14 at BarracudaReferenceImpl.compute(1290): signed/unsigned mismatch, unsigned assumed
  error: 1 plat 14 at BarracudaReferenceImpl.compute(1291): signed/unsigned mismatch, unsigned assumed
  error: 1 plat 14 at BarracudaReferenceImpl.compute(1295): signed/unsigned mismatch, unsigned assumed
  error: 1 plat 14 at BarracudaReferenceImpl.compute(1303): signed/unsigned mismatch, unsigned assumed
  error: 1 plat 14 at BarracudaReferenceImpl.compute(1309): signed/unsigned mismatch, unsigned assumed
 ok=1 outsize=11448

Cmd: compileComputeKernel
  insize=81930 file=/Users/colenemec/Desktop/nexersys/MovementDetectionUpgrade/NXS-MovementDetection-Barracuda-PoseNet-Tutorial-V2/Library/PackageCache/com.unity.barracuda@2.1.0-preview/Barracuda/Runtime/Core/Resources/Barracuda/BarracudaReferenceImpl.compute kernel=BroadcastWhere_NHWC cachingPP=1 ppOnly=0 stripLineD=0 buildPlatform=2 km=<CHANNELS_FIRST=0>,<UNITY_VERSION=202039> pKW=UNITY_ENABLE_REFLECTION_BUFFERS UNITY_USE_DITHER_MASK_FOR_ALPHABLENDED_SHADOWS UNITY_PBS_USE_BRDF1 UNITY_SPECCUBE_BOX_PROJECTION UNITY_SPECCUBE_BLENDING UNITY_ENABLE_DETAIL_NORMALMAP SHADER_API_DESKTOP UNITY_COLORSPACE_GAMMA UNITY_LIGHT_PROBE_PROXY_VOLUME UNITY_LIGHTMAP_FULL_HDR uKW=SHADER_STAGE_COMPUTE platform=metal flags=4096  error: 1 plat 14 at BarracudaReferenceImpl.compute(1290): signed/unsigned mismatch, unsigned assumed
  error: 1 plat 14 at BarracudaReferenceImpl.compute(1291): signed/unsigned mismatch, unsigned assumed
  error: 1 plat 14 at BarracudaReferenceImpl.compute(1295): signed/unsigned mismatch, unsigned assumed
  error: 1 plat 14 at BarracudaReferenceImpl.compute(1303): signed/unsigned mismatch, unsigned assumed
  error: 1 plat 14 at BarracudaReferenceImpl.compute(1309): signed/unsigned mismatch, unsigned assumed
 ok=1 outsize=14848

Cmd: compileComputeKernel
  insize=81930 file=/Users/colenemec/Desktop/nexersys/MovementDetectionUpgrade/NXS-MovementDetection-Barracuda-PoseNet-Tutorial-V2/Library/PackageCache/com.unity.barracuda@2.1.0-preview/Barracuda/Runtime/Core/Resources/Barracuda/BarracudaReferenceImpl.compute kernel=Border3D_NHWC cachingPP=1 ppOnly=0 stripLineD=0 buildPlatform=2 km=<CHANNELS_FIRST=0>,<UNITY_VERSION=202039> pKW=UNITY_ENABLE_REFLECTION_BUFFERS UNITY_USE_DITHER_MASK_FOR_ALPHABLENDED_SHADOWS UNITY_PBS_USE_BRDF1 UNITY_SPECCUBE_BOX_PROJECTION UNITY_SPECCUBE_BLENDING UNITY_ENABLE_DETAIL_NORMALMAP SHADER_API_DESKTOP UNITY_COLORSPACE_GAMMA UNITY_LIGHT_PROBE_PROXY_VOLUME UNITY_LIGHTMAP_FULL_HDR uKW=SHADER_STAGE_COMPUTE platform=metal flags=4096  error: 1 plat 14 at BarracudaReferenceImpl.compute(1290): signed/unsigned mismatch, unsigned assumed
  error: 1 plat 14 at BarracudaReferenceImpl.compute(1291): signed/unsigned mismatch, unsigned assumed
  error: 1 plat 14 at BarracudaReferenceImpl.compute(1295): signed/unsigned mismatch, unsigned assumed
  error: 1 plat 14 at BarracudaReferenceImpl.compute(1303): signed/unsigned mismatch, unsigned assumed
  error: 1 plat 14 at BarracudaReferenceImpl.compute(1309): signed/unsigned mismatch, unsigned assumed
 ok=1 outsize=4250

Cmd: compileComputeKernel
  insize=81930 file=/Users/colenemec/Desktop/nexersys/MovementDetectionUpgrade/NXS-MovementDetection-Barracuda-PoseNet-Tutorial-V2/Library/PackageCache/com.unity.barracuda@2.1.0-preview/Barracuda/Runtime/Core/Resources/Barracuda/BarracudaReferenceImpl.compute kernel=StridedSlice_NCHW cachingPP=1 ppOnly=0 stripLineD=0 buildPlatform=2 km=<CHANNELS_FIRST=1>,<UNITY_VERSION=202039> pKW=UNITY_ENABLE_REFLECTION_BUFFERS UNITY_USE_DITHER_MASK_FOR_ALPHABLENDED_SHADOWS UNITY_PBS_USE_BRDF1 UNITY_SPECCUBE_BOX_PROJECTION UNITY_SPECCUBE_BLENDING UNITY_ENABLE_DETAIL_NORMALMAP SHADER_API_DESKTOP UNITY_COLORSPACE_GAMMA UNITY_LIGHT_PROBE_PROXY_VOLUME UNITY_LIGHTMAP_FULL_HDR uKW=SHADER_STAGE_COMPUTE platform=metal flags=4096  error: 1 plat 14 at BarracudaReferenceImpl.compute(1290): signed/unsigned mismatch, unsigned assumed
  error: 1 plat 14 at BarracudaReferenceImpl.compute(1291): signed/unsigned mismatch, unsigned assumed
  error: 1 plat 14 at BarracudaReferenceImpl.compute(1295): signed/unsigned mismatch, unsigned assumed
  error: 1 plat 14 at BarracudaReferenceImpl.compute(1303): signed/unsigned mismatch, unsigned assumed
  error: 1 plat 14 at BarracudaReferenceImpl.compute(1309): signed/unsigned mismatch, unsigned assumed
 ok=1 outsize=7537

Cmd: compileComputeKernel
  insize=81930 file=/Users/colenemec/Desktop/nexersys/MovementDetectionUpgrade/NXS-MovementDetection-Barracuda-PoseNet-Tutorial-V2/Library/PackageCache/com.unity.barracuda@2.1.0-preview/Barracuda/Runtime/Core/Resources/Barracuda/BarracudaReferenceImpl.compute kernel=OneHot_NCHW cachingPP=1 ppOnly=0 stripLineD=0 buildPlatform=2 km=<CHANNELS_FIRST=1>,<UNITY_VERSION=202039> pKW=UNITY_ENABLE_REFLECTION_BUFFERS UNITY_USE_DITHER_MASK_FOR_ALPHABLENDED_SHADOWS UNITY_PBS_USE_BRDF1 UNITY_SPECCUBE_BOX_PROJECTION UNITY_SPECCUBE_BLENDING UNITY_ENABLE_DETAIL_NORMALMAP SHADER_API_DESKTOP UNITY_COLORSPACE_GAMMA UNITY_LIGHT_PROBE_PROXY_VOLUME UNITY_LIGHTMAP_FULL_HDR uKW=SHADER_STAGE_COMPUTE platform=metal flags=4096  error: 1 plat 14 at BarracudaReferenceImpl.compute(1290): signed/unsigned mismatch, unsigned assumed
  error: 1 plat 14 at BarracudaReferenceImpl.compute(1291): signed/unsigned mismatch, unsigned assumed
  error: 1 plat 14 at BarracudaReferenceImpl.compute(1295): signed/unsigned mismatch, unsigned assumed
  error: 1 plat 14 at BarracudaReferenceImpl.compute(1303): signed/unsigned mismatch, unsigned assumed
  error: 1 plat 14 at BarracudaReferenceImpl.compute(1309): signed/unsigned mismatch, unsigned assumed
 ok=1 outsize=2595

Cmd: compileComputeKernel
  insize=10283 file=/Users/colenemec/Desktop/nexersys/MovementDetectionUpgrade/NXS-MovementDetection-Barracuda-PoseNet-Tutorial-V2/Library/PackageCache/com.unity.barracuda@2.1.0-preview/Barracuda/Runtime/Core/Resources/Barracuda/ActivationBase.compute kernel=Neg_FlatStrict cachingPP=1 ppOnly=0 stripLineD=0 buildPlatform=2 km=<UNITY_VERSION=202039> pKW=UNITY_ENABLE_REFLECTION_BUFFERS UNITY_USE_DITHER_MASK_FOR_ALPHABLENDED_SHADOWS UNITY_PBS_USE_BRDF1 UNITY_SPECCUBE_BOX_PROJECTION UNITY_SPECCUBE_BLENDING UNITY_ENABLE_DETAIL_NORMALMAP SHADER_API_DESKTOP UNITY_COLORSPACE_GAMMA UNITY_LIGHT_PROBE_PROXY_VOLUME UNITY_LIGHTMAP_FULL_HDR uKW=SHADER_STAGE_COMPUTE platform=metal flags=4096 ok=1 outsize=1222

Cmd: compileComputeKernel
  insize=10283 file=/Users/colenemec/Desktop/nexersys/MovementDetectionUpgrade/NXS-MovementDetection-Barracuda-PoseNet-Tutorial-V2/Library/PackageCache/com.unity.barracuda@2.1.0-preview/Barracuda/Runtime/Core/Resources/Barracuda/ActivationBase.compute kernel=Selu_Flat cachingPP=1 ppOnly=0 stripLineD=0 buildPlatform=2 km=<UNITY_VERSION=202039> pKW=UNITY_ENABLE_REFLECTION_BUFFERS UNITY_USE_DITHER_MASK_FOR_ALPHABLENDED_SHADOWS UNITY_PBS_USE_BRDF1 UNITY_SPECCUBE_BOX_PROJECTION UNITY_SPECCUBE_BLENDING UNITY_ENABLE_DETAIL_NORMALMAP SHADER_API_DESKTOP UNITY_COLORSPACE_GAMMA UNITY_LIGHT_PROBE_PROXY_VOLUME UNITY_LIGHTMAP_FULL_HDR uKW=SHADER_STAGE_COMPUTE platform=metal flags=4096 ok=1 outsize=1646

Cmd: compileComputeKernel
  insize=10283 file=/Users/colenemec/Desktop/nexersys/MovementDetectionUpgrade/NXS-MovementDetection-Barracuda-PoseNet-Tutorial-V2/Library/PackageCache/com.unity.barracuda@2.1.0-preview/Barracuda/Runtime/Core/Resources/Barracuda/ActivationBase.compute kernel=Log_FlatStrict cachingPP=1 ppOnly=0 stripLineD=0 buildPlatform=2 km=<UNITY_VERSION=202039> pKW=UNITY_ENABLE_REFLECTION_BUFFERS UNITY_USE_DITHER_MASK_FOR_ALPHABLENDED_SHADOWS UNITY_PBS_USE_BRDF1 UNITY_SPECCUBE_BOX_PROJECTION UNITY_SPECCUBE_BLENDING UNITY_ENABLE_DETAIL_NORMALMAP SHADER_API_DESKTOP UNITY_COLORSPACE_GAMMA UNITY_LIGHT_PROBE_PROXY_VOLUME UNITY_LIGHTMAP_FULL_HDR uKW=SHADER_STAGE_COMPUTE platform=metal flags=4096 ok=1 outsize=1302

Cmd: compileComputeKernel
  insize=10283 file=/Users/colenemec/Desktop/nexersys/MovementDetectionUpgrade/NXS-MovementDetection-Barracuda-PoseNet-Tutorial-V2/Library/PackageCache/com.unity.barracuda@2.1.0-preview/Barracuda/Runtime/Core/Resources/Barracuda/ActivationBase.compute kernel=Acosh_Loop cachingPP=1 ppOnly=0 stripLineD=0 buildPlatform=2 km=<UNITY_VERSION=202039> pKW=UNITY_ENABLE_REFLECTION_BUFFERS UNITY_USE_DITHER_MASK_FOR_ALPHABLENDED_SHADOWS UNITY_PBS_USE_BRDF1 UNITY_SPECCUBE_BOX_PROJECTION UNITY_SPECCUBE_BLENDING UNITY_ENABLE_DETAIL_NORMALMAP SHADER_API_DESKTOP UNITY_COLORSPACE_GAMMA UNITY_LIGHT_PROBE_PROXY_VOLUME UNITY_LIGHTMAP_FULL_HDR uKW=SHADER_STAGE_COMPUTE platform=metal flags=4096 ok=1 outsize=1635

Cmd: compileComputeKernel
  insize=10283 file=/Users/colenemec/Desktop/nexersys/MovementDetectionUpgrade/NXS-MovementDetection-Barracuda-PoseNet-Tutorial-V2/Library/PackageCache/com.unity.barracuda@2.1.0-preview/Barracuda/Runtime/Core/Resources/Barracuda/ActivationBase.compute kernel=Atan_Flat cachingPP=1 ppOnly=0 stripLineD=0 buildPlatform=2 km=<UNITY_VERSION=202039> pKW=UNITY_ENABLE_REFLECTION_BUFFERS UNITY_USE_DITHER_MASK_FOR_ALPHABLENDED_SHADOWS UNITY_PBS_USE_BRDF1 UNITY_SPECCUBE_BOX_PROJECTION UNITY_SPECCUBE_BLENDING UNITY_ENABLE_DETAIL_NORMALMAP SHADER_API_DESKTOP UNITY_COLORSPACE_GAMMA UNITY_LIGHT_PROBE_PROXY_VOLUME UNITY_LIGHTMAP_FULL_HDR uKW=SHADER_STAGE_COMPUTE platform=metal flags=4096 ok=1 outsize=2044

Cmd: compileComputeKernel
  insize=10283 file=/Users/colenemec/Desktop/nexersys/MovementDetectionUpgrade/NXS-MovementDetection-Barracuda-PoseNet-Tutorial-V2/Library/PackageCache/com.unity.barracuda@2.1.0-preview/Barracuda/Runtime/Core/Resources/Barracuda/ActivationBase.compute kernel=Sin_FlatStrict cachingPP=1 ppOnly=0 stripLineD=0 buildPlatform=2 km=<UNITY_VERSION=202039> pKW=UNITY_ENABLE_REFLECTION_BUFFERS UNITY_USE_DITHER_MASK_FOR_ALPHABLENDED_SHADOWS UNITY_PBS_USE_BRDF1 UNITY_SPECCUBE_BOX_PROJECTION UNITY_SPECCUBE_BLENDING UNITY_ENABLE_DETAIL_NORMALMAP SHADER_API_DESKTOP UNITY_COLORSPACE_GAMMA UNITY_LIGHT_PROBE_PROXY_VOLUME UNITY_LIGHTMAP_FULL_HDR uKW=SHADER_STAGE_COMPUTE platform=metal flags=4096 ok=1 outsize=1226

Cmd: compileComputeKernel
  insize=10283 file=/Users/colenemec/Desktop/nexersys/MovementDetectionUpgrade/NXS-MovementDetection-Barracuda-PoseNet-Tutorial-V2/Library/PackageCache/com.unity.barracuda@2.1.0-preview/Barracuda/Runtime/Core/Resources/Barracuda/ActivationBase.compute kernel=Relu6_NHWC cachingPP=1 ppOnly=0 stripLineD=0 buildPlatform=2 km=<CHANNELS_FIRST=0>,<UNITY_VERSION=202039> pKW=UNITY_ENABLE_REFLECTION_BUFFERS UNITY_USE_DITHER_MASK_FOR_ALPHABLENDED_SHADOWS UNITY_PBS_USE_BRDF1 UNITY_SPECCUBE_BOX_PROJECTION UNITY_SPECCUBE_BLENDING UNITY_ENABLE_DETAIL_NORMALMAP SHADER_API_DESKTOP UNITY_COLORSPACE_GAMMA UNITY_LIGHT_PROBE_PROXY_VOLUME UNITY_LIGHTMAP_FULL_HDR uKW=SHADER_STAGE_COMPUTE platform=metal flags=4096 ok=1 outsize=2509

Cmd: compileComputeKernel
  insize=10283 file=/Users/colenemec/Desktop/nexersys/MovementDetectionUpgrade/NXS-MovementDetection-Barracuda-PoseNet-Tutorial-V2/Library/PackageCache/com.unity.barracuda@2.1.0-preview/Barracuda/Runtime/Core/Resources/Barracuda/ActivationBase.compute kernel=Tanh_CNyx_NHWC cachingPP=1 ppOnly=0 stripLineD=0 buildPlatform=2 km=<CHANNELS_FIRST=0>,<UNITY_VERSION=202039> pKW=UNITY_ENABLE_REFLECTION_BUFFERS UNITY_USE_DITHER_MASK_FOR_ALPHABLENDED_SHADOWS UNITY_PBS_USE_BRDF1 UNITY_SPECCUBE_BOX_PROJECTION UNITY_SPECCUBE_BLENDING UNITY_ENABLE_DETAIL_NORMALMAP SHADER_API_DESKTOP UNITY_COLORSPACE_GAMMA UNITY_LIGHT_PROBE_PROXY_VOLUME UNITY_LIGHTMAP_FULL_HDR uKW=SHADER_STAGE_COMPUTE platform=metal flags=4096 ok=1 outsize=2922

Cmd: compileComputeKernel
  insize=10283 file=/Users/colenemec/Desktop/nexersys/MovementDetectionUpgrade/NXS-MovementDetection-Barracuda-PoseNet-Tutorial-V2/Library/PackageCache/com.unity.barracuda@2.1.0-preview/Barracuda/Runtime/Core/Resources/Barracuda/ActivationBase.compute kernel=Sigmoid_NHWC cachingPP=1 ppOnly=0 stripLineD=0 buildPlatform=2 km=<CHANNELS_FIRST=0>,<UNITY_VERSION=202039> pKW=UNITY_ENABLE_REFLECTION_BUFFERS UNITY_USE_DITHER_MASK_FOR_ALPHABLENDED_SHADOWS UNITY_PBS_USE_BRDF1 UNITY_SPECCUBE_BOX_PROJECTION UNITY_SPECCUBE_BLENDING UNITY_ENABLE_DETAIL_NORMALMAP SHADER_API_DESKTOP UNITY_COLORSPACE_GAMMA UNITY_LIGHT_PROBE_PROXY_VOLUME UNITY_LIGHTMAP_FULL_HDR uKW=SHADER_STAGE_COMPUTE platform=metal flags=4096 ok=1 outsize=2591

Cmd: compileComputeKernel
  insize=10283 file=/Users/colenemec/Desktop/nexersys/MovementDetectionUpgrade/NXS-MovementDetection-Barracuda-PoseNet-Tutorial-V2/Library/PackageCache/com.unity.barracuda@2.1.0-preview/Barracuda/Runtime/Core/Resources/Barracuda/ActivationBase.compute kernel=Exp_NHWC cachingPP=1 ppOnly=0 stripLineD=0 buildPlatform=2 km=<CHANNELS_FIRST=0>,<UNITY_VERSION=202039> pKW=UNITY_ENABLE_REFLECTION_BUFFERS UNITY_USE_DITHER_MASK_FOR_ALPHABLENDED_SHADOWS UNITY_PBS_USE_BRDF1 UNITY_SPECCUBE_BOX_PROJECTION UNITY_SPECCUBE_BLENDING UNITY_ENABLE_DETAIL_NORMALMAP SHADER_API_DESKTOP UNITY_COLORSPACE_GAMMA UNITY_LIGHT_PROBE_PROXY_VOLUME UNITY_LIGHTMAP_FULL_HDR uKW=SHADER_STAGE_COMPUTE platform=metal flags=4096 ok=1 outsize=2506

Cmd: compileComputeKernel
  insize=10283 file=/Users/colenemec/Desktop/nexersys/MovementDetectionUpgrade/NXS-MovementDetection-Barracuda-PoseNet-Tutorial-V2/Library/PackageCache/com.unity.barracuda@2.1.0-preview/Barracuda/Runtime/Core/Resources/Barracuda/ActivationBase.compute kernel=Pow_NCHW cachingPP=1 ppOnly=0 stripLineD=0 buildPlatform=2 km=<CHANNELS_FIRST=1>,<UNITY_VERSION=202039> pKW=UNITY_ENABLE_REFLECTION_BUFFERS UNITY_USE_DITHER_MASK_FOR_ALPHABLENDED_SHADOWS UNITY_PBS_USE_BRDF1 UNITY_SPECCUBE_BOX_PROJECTION UNITY_SPECCUBE_BLENDING UNITY_ENABLE_DETAIL_NORMALMAP SHADER_API_DESKTOP UNITY_COLORSPACE_GAMMA UNITY_LIGHT_PROBE_PROXY_VOLUME UNITY_LIGHTMAP_FULL_HDR uKW=SHADER_STAGE_COMPUTE platform=metal flags=4096 ok=1 outsize=2596

Cmd: compileComputeKernel
  insize=10283 file=/Users/colenemec/Desktop/nexersys/MovementDetectionUpgrade/NXS-MovementDetection-Barracuda-PoseNet-Tutorial-V2/Library/PackageCache/com.unity.barracuda@2.1.0-preview/Barracuda/Runtime/Core/Resources/Barracuda/ActivationBase.compute kernel=Acos_CNyx_NHWC cachingPP=1 ppOnly=0 stripLineD=0 buildPlatform=2 km=<CHANNELS_FIRST=0>,<UNITY_VERSION=202039> pKW=UNITY_ENABLE_REFLECTION_BUFFERS UNITY_USE_DITHER_MASK_FOR_ALPHABLENDED_SHADOWS UNITY_PBS_USE_BRDF1 UNITY_SPECCUBE_BOX_PROJECTION UNITY_SPECCUBE_BLENDING UNITY_ENABLE_DETAIL_NORMALMAP SHADER_API_DESKTOP UNITY_COLORSPACE_GAMMA UNITY_LIGHT_PROBE_PROXY_VOLUME UNITY_LIGHTMAP_FULL_HDR uKW=SHADER_STAGE_COMPUTE platform=metal flags=4096 ok=1 outsize=3099

Cmd: compileComputeKernel
  insize=10283 file=/Users/colenemec/Desktop/nexersys/MovementDetectionUpgrade/NXS-MovementDetection-Barracuda-PoseNet-Tutorial-V2/Library/PackageCache/com.unity.barracuda@2.1.0-preview/Barracuda/Runtime/Core/Resources/Barracuda/ActivationBase.compute kernel=Asinh_Nyxc_NHWC cachingPP=1 ppOnly=0 stripLineD=0 buildPlatform=2 km=<CHANNELS_FIRST=0>,<UNITY_VERSION=202039> pKW=UNITY_ENABLE_REFLECTION_BUFFERS UNITY_USE_DITHER_MASK_FOR_ALPHABLENDED_SHADOWS UNITY_PBS_USE_BRDF1 UNITY_SPECCUBE_BOX_PROJECTION UNITY_SPECCUBE_BLENDING UNITY_ENABLE_DETAIL_NORMALMAP SHADER_API_DESKTOP UNITY_COLORSPACE_GAMMA UNITY_LIGHT_PROBE_PROXY_VOLUME UNITY_LIGHTMAP_FULL_HDR uKW=SHADER_STAGE_COMPUTE platform=metal flags=4096 ok=1 outsize=2744

Cmd: compileComputeKernel
  insize=10283 file=/Users/colenemec/Desktop/nexersys/MovementDetectionUpgrade/NXS-MovementDetection-Barracuda-PoseNet-Tutorial-V2/Library/PackageCache/com.unity.barracuda@2.1.0-preview/Barracuda/Runtime/Core/Resources/Barracuda/ActivationBase.compute kernel=Cos_NCHW cachingPP=1 ppOnly=0 stripLineD=0 buildPlatform=2 km=<CHANNELS_FIRST=1>,<UNITY_VERSION=202039> pKW=UNITY_ENABLE_REFLECTION_BUFFERS UNITY_USE_DITHER_MASK_FOR_ALPHABLENDED_SHADOWS UNITY_PBS_USE_BRDF1 UNITY_SPECCUBE_BOX_PROJECTION UNITY_SPECCUBE_BLENDING UNITY_ENABLE_DETAIL_NORMALMAP SHADER_API_DESKTOP UNITY_COLORSPACE_GAMMA UNITY_LIGHT_PROBE_PROXY_VOLUME UNITY_LIGHTMAP_FULL_HDR uKW=SHADER_STAGE_COMPUTE platform=metal flags=4096 ok=1 outsize=2465

Cmd: compileComputeKernel
  insize=10283 file=/Users/colenemec/Desktop/nexersys/MovementDetectionUpgrade/NXS-MovementDetection-Barracuda-PoseNet-Tutorial-V2/Library/PackageCache/com.unity.barracuda@2.1.0-preview/Barracuda/Runtime/Core/Resources/Barracuda/ActivationBase.compute kernel=Sinh_Nyxc_NHWC cachingPP=1 ppOnly=0 stripLineD=0 buildPlatform=2 km=<CHANNELS_FIRST=0>,<UNITY_VERSION=202039> pKW=UNITY_ENABLE_REFLECTION_BUFFERS UNITY_USE_DITHER_MASK_FOR_ALPHABLENDED_SHADOWS UNITY_PBS_USE_BRDF1 UNITY_SPECCUBE_BOX_PROJECTION UNITY_SPECCUBE_BLENDING UNITY_ENABLE_DETAIL_NORMALMAP SHADER_API_DESKTOP UNITY_COLORSPACE_GAMMA UNITY_LIGHT_PROBE_PROXY_VOLUME UNITY_LIGHTMAP_FULL_HDR uKW=SHADER_STAGE_COMPUTE platform=metal flags=4096 ok=1 outsize=2732

Cmd: compileSnippet
  insize=16577 file=Assets/DefaultResourcesExtra/Skybox/Procedural pass=Pass 0 cachingPP=1 ppOnly=0 stripLineD=0 buildPlatform=2 rsLen=0 pKW=UNITY_ENABLE_REFLECTION_BUFFERS UNITY_USE_DITHER_MASK_FOR_ALPHABLENDED_SHADOWS UNITY_PBS_USE_BRDF1 UNITY_SPECCUBE_BOX_PROJECTION UNITY_SPECCUBE_BLENDING UNITY_ENABLE_DETAIL_NORMALMAP SHADER_API_DESKTOP UNITY_COLORSPACE_GAMMA UNITY_LIGHT_PROBE_PROXY_VOLUME UNITY_LIGHTMAP_FULL_HDR uKW=_SUNDISK_HIGH_QUALITY dKW=_SUNDISK_NONE _SUNDISK_SIMPLE UNITY_NO_DXT5nm UNITY_ENABLE_NATIVE_SHADOW_LOOKUPS UNITY_METAL_SHADOWS_USE_POINT_FILTERING UNITY_NO_SCREENSPACE_SHADOWS UNITY_PBS_USE_BRDF2 UNITY_PBS_USE_BRDF3 UNITY_NO_FULL_STANDARD_SHADER UNITY_HARDWARE_TIER1 UNITY_HARDWARE_TIER2 UNITY_HARDWARE_TIER3 UNITY_HALF_PRECISION_FRAGMENT_SHADER_REGISTERS UNITY_LIGHTMAP_DLDR_ENCODING UNITY_LIGHTMAP_RGBM_ENCODING UNITY_VIRTUAL_TEXTURING UNITY_PRETRANSFORM_TO_DISPLAY_ORIENTATION UNITY_ASTC_NORMALMAP_ENCODING SHADER_API_GLES30 flags=0 lang=0 type=Fragment platform=metal reqs=33 mask=6 start=20 ok=1 outsize=2313

Cmd: compileSnippet
  insize=944 file=Assets/DefaultResourcesExtra/Legacy Shaders/VertexLit pass=ShadowCaster cachingPP=1 ppOnly=0 stripLineD=0 buildPlatform=2 rsLen=0 pKW=UNITY_ENABLE_REFLECTION_BUFFERS UNITY_USE_DITHER_MASK_FOR_ALPHABLENDED_SHADOWS UNITY_PBS_USE_BRDF1 UNITY_SPECCUBE_BOX_PROJECTION UNITY_SPECCUBE_BLENDING UNITY_ENABLE_DETAIL_NORMALMAP SHADER_API_DESKTOP UNITY_COLORSPACE_GAMMA UNITY_LIGHT_PROBE_PROXY_VOLUME UNITY_LIGHTMAP_FULL_HDR UNITY_PASS_SHADOWCASTER uKW=SHADOWS_CUBE dKW=INSTANCING_ON SHADOWS_DEPTH UNITY_NO_DXT5nm UNITY_ENABLE_NATIVE_SHADOW_LOOKUPS UNITY_METAL_SHADOWS_USE_POINT_FILTERING UNITY_NO_SCREENSPACE_SHADOWS UNITY_PBS_USE_BRDF2 UNITY_PBS_USE_BRDF3 UNITY_NO_FULL_STANDARD_SHADER UNITY_HARDWARE_TIER1 UNITY_HARDWARE_TIER2 UNITY_HARDWARE_TIER3 UNITY_HALF_PRECISION_FRAGMENT_SHADER_REGISTERS UNITY_LIGHTMAP_DLDR_ENCODING UNITY_LIGHTMAP_RGBM_ENCODING UNITY_VIRTUAL_TEXTURING UNITY_PRETRANSFORM_TO_DISPLAY_ORIENTATION UNITY_ASTC_NORMALMAP_ENCODING SHADER_API_GLES30 flags=0 lang=0 type=Vertex platform=metal reqs=1 mask=6 start=123 ok=1 outsize=2774

Cmd: compileSnippet
  insize=17587 file=Assets/DefaultResourcesExtra/Legacy Shaders/Diffuse pass=FORWARD cachingPP=1 ppOnly=0 stripLineD=0 buildPlatform=2 rsLen=0 pKW=UNITY_ENABLE_REFLECTION_BUFFERS UNITY_USE_DITHER_MASK_FOR_ALPHABLENDED_SHADOWS UNITY_PBS_USE_BRDF1 UNITY_SPECCUBE_BOX_PROJECTION UNITY_SPECCUBE_BLENDING UNITY_ENABLE_DETAIL_NORMALMAP SHADER_API_DESKTOP UNITY_COLORSPACE_GAMMA UNITY_LIGHT_PROBE_PROXY_VOLUME UNITY_LIGHTMAP_FULL_HDR UNITY_PASS_FORWARDBASE uKW=DIRECTIONAL LIGHTPROBE_SH dKW=INSTANCING_ON FOG_LINEAR FOG_EXP FOG_EXP2 SHADOWS_SHADOWMASK DYNAMICLIGHTMAP_ON LIGHTMAP_ON LIGHTMAP_SHADOW_MIXING DIRLIGHTMAP_COMBINED SHADOWS_SCREEN UNITY_NO_DXT5nm UNITY_ENABLE_NATIVE_SHADOW_LOOKUPS UNITY_METAL_SHADOWS_USE_POINT_FILTERING UNITY_NO_SCREENSPACE_SHADOWS UNITY_PBS_USE_BRDF2 UNITY_PBS_USE_BRDF3 UNITY_NO_FULL_STANDARD_SHADER UNITY_HARDWARE_TIER1 UNITY_HARDWARE_TIER2 UNITY_HARDWARE_TIER3 UNITY_HALF_PRECISION_FRAGMENT_SHADER_REGISTERS UNITY_LIGHTMAP_DLDR_ENCODING UNITY_LIGHTMAP_RGBM_ENCODING UNITY_VIRTUAL_TEXTURING UNITY_PRETRANSFORM_TO_DISPLAY_ORIENTATION UNITY_ASTC_NORMALMAP_ENCODING SHADER_API_GLES30 flags=0 lang=0 type=Fragment platform=metal reqs=33 mask=6 start=20 ok=1 outsize=3267

Cmd: compileSnippet
  insize=4377 file=Assets/DefaultResourcesExtra/Legacy Shaders/Diffuse pass=FORWARD cachingPP=1 ppOnly=0 stripLineD=0 buildPlatform=2 rsLen=0 pKW=UNITY_ENABLE_REFLECTION_BUFFERS UNITY_USE_DITHER_MASK_FOR_ALPHABLENDED_SHADOWS UNITY_PBS_USE_BRDF1 UNITY_SPECCUBE_BOX_PROJECTION UNITY_SPECCUBE_BLENDING UNITY_ENABLE_DETAIL_NORMALMAP SHADER_API_DESKTOP UNITY_COLORSPACE_GAMMA UNITY_LIGHT_PROBE_PROXY_VOLUME UNITY_LIGHTMAP_FULL_HDR UNITY_PASS_FORWARDADD uKW=DIRECTIONAL_COOKIE dKW=FOG_LINEAR FOG_EXP FOG_EXP2 POINT DIRECTIONAL SPOT POINT_COOKIE UNITY_NO_DXT5nm UNITY_ENABLE_NATIVE_SHADOW_LOOKUPS UNITY_METAL_SHADOWS_USE_POINT_FILTERING UNITY_NO_SCREENSPACE_SHADOWS UNITY_PBS_USE_BRDF2 UNITY_PBS_USE_BRDF3 UNITY_NO_FULL_STANDARD_SHADER UNITY_HARDWARE_TIER1 UNITY_HARDWARE_TIER2 UNITY_HARDWARE_TIER3 UNITY_HALF_PRECISION_FRAGMENT_SHADER_REGISTERS UNITY_LIGHTMAP_DLDR_ENCODING UNITY_LIGHTMAP_RGBM_ENCODING UNITY_VIRTUAL_TEXTURING UNITY_PRETRANSFORM_TO_DISPLAY_ORIENTATION UNITY_ASTC_NORMALMAP_ENCODING SHADER_API_GLES30 flags=0 lang=0 type=Fragment platform=metal reqs=33 mask=6 start=263 ok=1 outsize=3823

Cmd: compileSnippet
  insize=12683 file=Assets/DefaultResourcesExtra/Legacy Shaders/Diffuse pass=PREPASS cachingPP=1 ppOnly=0 stripLineD=0 buildPlatform=2 rsLen=0 pKW=UNITY_ENABLE_REFLECTION_BUFFERS UNITY_USE_DITHER_MASK_FOR_ALPHABLENDED_SHADOWS UNITY_PBS_USE_BRDF1 UNITY_SPECCUBE_BOX_PROJECTION UNITY_SPECCUBE_BLENDING UNITY_ENABLE_DETAIL_NORMALMAP SHADER_API_DESKTOP UNITY_COLORSPACE_GAMMA UNITY_LIGHT_PROBE_PROXY_VOLUME UNITY_LIGHTMAP_FULL_HDR UNITY_PASS_PREPASSFINAL uKW=LIGHTPROBE_SH UNITY_HDR_ON dKW=INSTANCING_ON FOG_LINEAR FOG_EXP FOG_EXP2 DYNAMICLIGHTMAP_ON SHADOWS_SHADOWMASK LIGHTMAP_ON DIRLIGHTMAP_COMBINED UNITY_NO_DXT5nm UNITY_ENABLE_NATIVE_SHADOW_LOOKUPS UNITY_METAL_SHADOWS_USE_POINT_FILTERING UNITY_NO_SCREENSPACE_SHADOWS UNITY_PBS_USE_BRDF2 UNITY_PBS_USE_BRDF3 UNITY_NO_FULL_STANDARD_SHADER UNITY_HARDWARE_TIER1 UNITY_HARDWARE_TIER2 UNITY_HARDWARE_TIER3 UNITY_HALF_PRECISION_FRAGMENT_SHADER_REGISTERS UNITY_LIGHTMAP_DLDR_ENCODING UNITY_LIGHTMAP_RGBM_ENCODING UNITY_VIRTUAL_TEXTURING UNITY_PRETRANSFORM_TO_DISPLAY_ORIENTATION UNITY_ASTC_NORMALMAP_ENCODING SHADER_API_GLES30 flags=0 lang=0 type=Fragment platform=metal reqs=33 mask=6 start=109 ok=1 outsize=1469

Cmd: compileSnippet
  insize=1569 file=Assets/DefaultResourcesExtra/Hidden/Internal-PrePassLighting pass=Pass 0 cachingPP=1 ppOnly=0 stripLineD=0 buildPlatform=2 rsLen=0 pKW=UNITY_ENABLE_REFLECTION_BUFFERS UNITY_USE_DITHER_MASK_FOR_ALPHABLENDED_SHADOWS UNITY_PBS_USE_BRDF1 UNITY_SPECCUBE_BOX_PROJECTION UNITY_SPECCUBE_BLENDING UNITY_ENABLE_DETAIL_NORMALMAP SHADER_API_DESKTOP UNITY_COLORSPACE_GAMMA UNITY_LIGHT_PROBE_PROXY_VOLUME UNITY_LIGHTMAP_FULL_HDR uKW=DIRECTIONAL dKW=POINT SPOT POINT_COOKIE DIRECTIONAL_COOKIE SHADOWS_SHADOWMASK LIGHTMAP_SHADOW_MIXING SHADOWS_DEPTH SHADOWS_SOFT SHADOWS_SCREEN SHADOWS_CUBE UNITY_NO_DXT5nm UNITY_ENABLE_NATIVE_SHADOW_LOOKUPS UNITY_METAL_SHADOWS_USE_POINT_FILTERING UNITY_NO_SCREENSPACE_SHADOWS UNITY_PBS_USE_BRDF2 UNITY_PBS_USE_BRDF3 UNITY_NO_FULL_STANDARD_SHADER UNITY_HARDWARE_TIER1 UNITY_HARDWARE_TIER2 UNITY_HARDWARE_TIER3 UNITY_HALF_PRECISION_FRAGMENT_SHADER_REGISTERS UNITY_LIGHTMAP_DLDR_ENCODING UNITY_LIGHTMAP_RGBM_ENCODING UNITY_VIRTUAL_TEXTURING UNITY_PRETRANSFORM_TO_DISPLAY_ORIENTATION UNITY_ASTC_NORMALMAP_ENCODING SHADER_API_GLES30 flags=0 lang=0 type=Vertex platform=metal reqs=227 mask=6 start=50 ok=1 outsize=2392

Cmd: compileSnippet
  insize=1569 file=Assets/DefaultResourcesExtra/Hidden/Internal-PrePassLighting pass=Pass 0 cachingPP=1 ppOnly=0 stripLineD=0 buildPlatform=2 rsLen=0 pKW=UNITY_ENABLE_REFLECTION_BUFFERS UNITY_USE_DITHER_MASK_FOR_ALPHABLENDED_SHADOWS UNITY_PBS_USE_BRDF1 UNITY_SPECCUBE_BOX_PROJECTION UNITY_SPECCUBE_BLENDING UNITY_ENABLE_DETAIL_NORMALMAP SHADER_API_DESKTOP UNITY_COLORSPACE_GAMMA UNITY_LIGHT_PROBE_PROXY_VOLUME UNITY_LIGHTMAP_FULL_HDR uKW=SPOT SHADOWS_DEPTH SHADOWS_SOFT dKW=POINT DIRECTIONAL POINT_COOKIE DIRECTIONAL_COOKIE SHADOWS_SHADOWMASK LIGHTMAP_SHADOW_MIXING SHADOWS_SCREEN SHADOWS_CUBE UNITY_NO_DXT5nm UNITY_ENABLE_NATIVE_SHADOW_LOOKUPS UNITY_METAL_SHADOWS_USE_POINT_FILTERING UNITY_NO_SCREENSPACE_SHADOWS UNITY_PBS_USE_BRDF2 UNITY_PBS_USE_BRDF3 UNITY_NO_FULL_STANDARD_SHADER UNITY_HARDWARE_TIER1 UNITY_HARDWARE_TIER2 UNITY_HARDWARE_TIER3 UNITY_HALF_PRECISION_FRAGMENT_SHADER_REGISTERS UNITY_LIGHTMAP_DLDR_ENCODING UNITY_LIGHTMAP_RGBM_ENCODING UNITY_VIRTUAL_TEXTURING UNITY_PRETRANSFORM_TO_DISPLAY_ORIENTATION UNITY_ASTC_NORMALMAP_ENCODING SHADER_API_GLES30 flags=0 lang=0 type=Fragment platform=metal reqs=227 mask=6 start=50 ok=1 outsize=9241

Cmd: compileSnippet
  insize=1562 file=Assets/DefaultResourcesExtra/Hidden/Internal-PrePassLighting pass=Pass 1 cachingPP=1 ppOnly=0 stripLineD=0 buildPlatform=2 rsLen=0 pKW=UNITY_ENABLE_REFLECTION_BUFFERS UNITY_USE_DITHER_MASK_FOR_ALPHABLENDED_SHADOWS UNITY_PBS_USE_BRDF1 UNITY_SPECCUBE_BOX_PROJECTION UNITY_SPECCUBE_BLENDING UNITY_ENABLE_DETAIL_NORMALMAP SHADER_API_DESKTOP UNITY_COLORSPACE_GAMMA UNITY_LIGHT_PROBE_PROXY_VOLUME UNITY_LIGHTMAP_FULL_HDR uKW=POINT SHADOWS_CUBE SHADOWS_SOFT dKW=DIRECTIONAL SPOT POINT_COOKIE DIRECTIONAL_COOKIE SHADOWS_SHADOWMASK LIGHTMAP_SHADOW_MIXING SHADOWS_DEPTH SHADOWS_SCREEN UNITY_NO_DXT5nm UNITY_ENABLE_NATIVE_SHADOW_LOOKUPS UNITY_METAL_SHADOWS_USE_POINT_FILTERING UNITY_NO_SCREENSPACE_SHADOWS UNITY_PBS_USE_BRDF2 UNITY_PBS_USE_BRDF3 UNITY_NO_FULL_STANDARD_SHADER UNITY_HARDWARE_TIER1 UNITY_HARDWARE_TIER2 UNITY_HARDWARE_TIER3 UNITY_HALF_PRECISION_FRAGMENT_SHADER_REGISTERS UNITY_LIGHTMAP_DLDR_ENCODING UNITY_LIGHTMAP_RGBM_ENCODING UNITY_VIRTUAL_TEXTURING UNITY_PRETRANSFORM_TO_DISPLAY_ORIENTATION UNITY_ASTC_NORMALMAP_ENCODING SHADER_API_GLES30 flags=0 lang=0 type=Vertex platform=metal reqs=227 mask=6 start=69 ok=1 outsize=2392

Cmd: compileSnippet
  insize=1562 file=Assets/DefaultResourcesExtra/Hidden/Internal-PrePassLighting pass=Pass 1 cachingPP=1 ppOnly=0 stripLineD=0 buildPlatform=2 rsLen=0 pKW=UNITY_ENABLE_REFLECTION_BUFFERS UNITY_USE_DITHER_MASK_FOR_ALPHABLENDED_SHADOWS UNITY_PBS_USE_BRDF1 UNITY_SPECCUBE_BOX_PROJECTION UNITY_SPECCUBE_BLENDING UNITY_ENABLE_DETAIL_NORMALMAP SHADER_API_DESKTOP UNITY_COLORSPACE_GAMMA UNITY_LIGHT_PROBE_PROXY_VOLUME UNITY_LIGHTMAP_FULL_HDR uKW=DIRECTIONAL SHADOWS_SCREEN dKW=POINT SPOT POINT_COOKIE DIRECTIONAL_COOKIE SHADOWS_SHADOWMASK LIGHTMAP_SHADOW_MIXING SHADOWS_DEPTH SHADOWS_SOFT SHADOWS_CUBE UNITY_NO_DXT5nm UNITY_ENABLE_NATIVE_SHADOW_LOOKUPS UNITY_METAL_SHADOWS_USE_POINT_FILTERING UNITY_NO_SCREENSPACE_SHADOWS UNITY_PBS_USE_BRDF2 UNITY_PBS_USE_BRDF3 UNITY_NO_FULL_STANDARD_SHADER UNITY_HARDWARE_TIER1 UNITY_HARDWARE_TIER2 UNITY_HARDWARE_TIER3 UNITY_HALF_PRECISION_FRAGMENT_SHADER_REGISTERS UNITY_LIGHTMAP_DLDR_ENCODING UNITY_LIGHTMAP_RGBM_ENCODING UNITY_VIRTUAL_TEXTURING UNITY_PRETRANSFORM_TO_DISPLAY_ORIENTATION UNITY_ASTC_NORMALMAP_ENCODING SHADER_API_GLES30 flags=0 lang=0 type=Fragment platform=metal reqs=227 mask=6 start=69 ok=1 outsize=4683

Cmd: compileSnippet
  insize=11914 file=Assets/DefaultResourcesExtra/Hidden/Internal-ScreenSpaceShadows pass=Pass 0 cachingPP=1 ppOnly=0 stripLineD=0 buildPlatform=2 rsLen=0 pKW=UNITY_ENABLE_REFLECTION_BUFFERS UNITY_USE_DITHER_MASK_FOR_ALPHABLENDED_SHADOWS UNITY_PBS_USE_BRDF1 UNITY_SPECCUBE_BOX_PROJECTION UNITY_SPECCUBE_BLENDING UNITY_ENABLE_DETAIL_NORMALMAP SHADER_API_DESKTOP UNITY_COLORSPACE_GAMMA UNITY_LIGHT_PROBE_PROXY_VOLUME UNITY_LIGHTMAP_FULL_HDR uKW=SHADOWS_SPLIT_SPHERES dKW=SHADOWS_SINGLE_CASCADE UNITY_NO_DXT5nm UNITY_ENABLE_NATIVE_SHADOW_LOOKUPS UNITY_METAL_SHADOWS_USE_POINT_FILTERING UNITY_NO_SCREENSPACE_SHADOWS UNITY_PBS_USE_BRDF2 UNITY_PBS_USE_BRDF3 UNITY_NO_FULL_STANDARD_SHADER UNITY_HARDWARE_TIER1 UNITY_HARDWARE_TIER2 UNITY_HARDWARE_TIER3 UNITY_HALF_PRECISION_FRAGMENT_SHADER_REGISTERS UNITY_LIGHTMAP_DLDR_ENCODING UNITY_LIGHTMAP_RGBM_ENCODING UNITY_VIRTUAL_TEXTURING UNITY_PRETRANSFORM_TO_DISPLAY_ORIENTATION UNITY_ASTC_NORMALMAP_ENCODING SHADER_API_GLES30 flags=0 lang=0 type=Vertex platform=metal reqs=33 mask=6 start=335 ok=1 outsize=2672

Cmd: compileSnippet
  insize=11918 file=Assets/DefaultResourcesExtra/Hidden/Internal-ScreenSpaceShadows pass=Pass 0 cachingPP=1 ppOnly=0 stripLineD=0 buildPlatform=2 rsLen=0 pKW=UNITY_ENABLE_REFLECTION_BUFFERS UNITY_USE_DITHER_MASK_FOR_ALPHABLENDED_SHADOWS UNITY_PBS_USE_BRDF1 UNITY_SPECCUBE_BOX_PROJECTION UNITY_SPECCUBE_BLENDING UNITY_ENABLE_DETAIL_NORMALMAP SHADER_API_DESKTOP UNITY_COLORSPACE_GAMMA UNITY_LIGHT_PROBE_PROXY_VOLUME UNITY_LIGHTMAP_FULL_HDR uKW=SHADOWS_SINGLE_CASCADE dKW=SHADOWS_SPLIT_SPHERES UNITY_NO_DXT5nm UNITY_ENABLE_NATIVE_SHADOW_LOOKUPS UNITY_METAL_SHADOWS_USE_POINT_FILTERING UNITY_NO_SCREENSPACE_SHADOWS UNITY_PBS_USE_BRDF2 UNITY_PBS_USE_BRDF3 UNITY_NO_FULL_STANDARD_SHADER UNITY_HARDWARE_TIER1 UNITY_HARDWARE_TIER2 UNITY_HARDWARE_TIER3 UNITY_HALF_PRECISION_FRAGMENT_SHADER_REGISTERS UNITY_LIGHTMAP_DLDR_ENCODING UNITY_LIGHTMAP_RGBM_ENCODING UNITY_VIRTUAL_TEXTURING UNITY_PRETRANSFORM_TO_DISPLAY_ORIENTATION UNITY_ASTC_NORMALMAP_ENCODING SHADER_API_GLES30 flags=0 lang=0 type=Fragment platform=metal reqs=33 mask=6 start=358 ok=1 outsize=2797

Cmd: compileSnippet
  insize=11948 file=Assets/DefaultResourcesExtra/Hidden/Internal-ScreenSpaceShadows pass=Pass 0 cachingPP=1 ppOnly=0 stripLineD=0 buildPlatform=2 rsLen=0 pKW=UNITY_ENABLE_REFLECTION_BUFFERS UNITY_USE_DITHER_MASK_FOR_ALPHABLENDED_SHADOWS UNITY_PBS_USE_BRDF1 UNITY_SPECCUBE_BOX_PROJECTION UNITY_SPECCUBE_BLENDING UNITY_ENABLE_DETAIL_NORMALMAP SHADER_API_DESKTOP UNITY_COLORSPACE_GAMMA UNITY_LIGHT_PROBE_PROXY_VOLUME UNITY_LIGHTMAP_FULL_HDR uKW=SHADOWS_SPLIT_SPHERES dKW=SHADOWS_SINGLE_CASCADE UNITY_NO_DXT5nm UNITY_ENABLE_NATIVE_SHADOW_LOOKUPS UNITY_METAL_SHADOWS_USE_POINT_FILTERING UNITY_NO_SCREENSPACE_SHADOWS UNITY_PBS_USE_BRDF2 UNITY_PBS_USE_BRDF3 UNITY_NO_FULL_STANDARD_SHADER UNITY_HARDWARE_TIER1 UNITY_HARDWARE_TIER2 UNITY_HARDWARE_TIER3 UNITY_HALF_PRECISION_FRAGMENT_SHADER_REGISTERS UNITY_LIGHTMAP_DLDR_ENCODING UNITY_LIGHTMAP_RGBM_ENCODING UNITY_VIRTUAL_TEXTURING UNITY_PRETRANSFORM_TO_DISPLAY_ORIENTATION UNITY_ASTC_NORMALMAP_ENCODING SHADER_API_GLES30 flags=0 lang=0 type=Vertex platform=metal reqs=227 mask=6 start=404 ok=1 outsize=2672

Cmd: compileSnippet
  insize=2104 file=Assets/DefaultResourcesExtra/Hidden/Internal-DeferredShading pass=Pass 0 cachingPP=1 ppOnly=0 stripLineD=0 buildPlatform=2 rsLen=0 pKW=UNITY_ENABLE_REFLECTION_BUFFERS UNITY_USE_DITHER_MASK_FOR_ALPHABLENDED_SHADOWS UNITY_PBS_USE_BRDF1 UNITY_SPECCUBE_BOX_PROJECTION UNITY_SPECCUBE_BLENDING UNITY_ENABLE_DETAIL_NORMALMAP SHADER_API_DESKTOP UNITY_COLORSPACE_GAMMA UNITY_LIGHT_PROBE_PROXY_VOLUME UNITY_LIGHTMAP_FULL_HDR uKW=DIRECTIONAL_COOKIE SHADOWS_SCREEN dKW=UNITY_HDR_ON POINT DIRECTIONAL SPOT POINT_COOKIE SHADOWS_SHADOWMASK LIGHTMAP_SHADOW_MIXING SHADOWS_DEPTH SHADOWS_SOFT SHADOWS_CUBE UNITY_NO_DXT5nm UNITY_ENABLE_NATIVE_SHADOW_LOOKUPS UNITY_METAL_SHADOWS_USE_POINT_FILTERING UNITY_NO_SCREENSPACE_SHADOWS UNITY_PBS_USE_BRDF2 UNITY_PBS_USE_BRDF3 UNITY_NO_FULL_STANDARD_SHADER UNITY_HARDWARE_TIER1 UNITY_HARDWARE_TIER2 UNITY_HARDWARE_TIER3 UNITY_HALF_PRECISION_FRAGMENT_SHADER_REGISTERS UNITY_LIGHTMAP_DLDR_ENCODING UNITY_LIGHTMAP_RGBM_ENCODING UNITY_VIRTUAL_TEXTURING UNITY_PRETRANSFORM_TO_DISPLAY_ORIENTATION UNITY_ASTC_NORMALMAP_ENCODING SHADER_API_GLES30 flags=0 lang=0 type=Vertex platform=metal reqs=227 mask=6 start=18 ok=1 outsize=2392

Cmd: compileSnippet
  insize=2104 file=Assets/DefaultResourcesExtra/Hidden/Internal-DeferredShading pass=Pass 0 cachingPP=1 ppOnly=0 stripLineD=0 buildPlatform=2 rsLen=0 pKW=UNITY_ENABLE_REFLECTION_BUFFERS UNITY_USE_DITHER_MASK_FOR_ALPHABLENDED_SHADOWS UNITY_PBS_USE_BRDF1 UNITY_SPECCUBE_BOX_PROJECTION UNITY_SPECCUBE_BLENDING UNITY_ENABLE_DETAIL_NORMALMAP SHADER_API_DESKTOP UNITY_COLORSPACE_GAMMA UNITY_LIGHT_PROBE_PROXY_VOLUME UNITY_LIGHTMAP_FULL_HDR uKW=DIRECTIONAL SHADOWS_SCREEN UNITY_HDR_ON dKW=POINT SPOT POINT_COOKIE DIRECTIONAL_COOKIE SHADOWS_SHADOWMASK LIGHTMAP_SHADOW_MIXING SHADOWS_DEPTH SHADOWS_SOFT SHADOWS_CUBE UNITY_NO_DXT5nm UNITY_ENABLE_NATIVE_SHADOW_LOOKUPS UNITY_METAL_SHADOWS_USE_POINT_FILTERING UNITY_NO_SCREENSPACE_SHADOWS UNITY_PBS_USE_BRDF2 UNITY_PBS_USE_BRDF3 UNITY_NO_FULL_STANDARD_SHADER UNITY_HARDWARE_TIER1 UNITY_HARDWARE_TIER2 UNITY_HARDWARE_TIER3 UNITY_HALF_PRECISION_FRAGMENT_SHADER_REGISTERS UNITY_LIGHTMAP_DLDR_ENCODING UNITY_LIGHTMAP_RGBM_ENCODING UNITY_VIRTUAL_TEXTURING UNITY_PRETRANSFORM_TO_DISPLAY_ORIENTATION UNITY_ASTC_NORMALMAP_ENCODING SHADER_API_GLES30 flags=0 lang=0 type=Vertex platform=metal reqs=227 mask=6 start=18 ok=1 outsize=2392

Cmd: compileSnippet
  insize=2104 file=Assets/DefaultResourcesExtra/Hidden/Internal-DeferredShading pass=Pass 0 cachingPP=1 ppOnly=0 stripLineD=0 buildPlatform=2 rsLen=0 pKW=UNITY_ENABLE_REFLECTION_BUFFERS UNITY_USE_DITHER_MASK_FOR_ALPHABLENDED_SHADOWS UNITY_PBS_USE_BRDF1 UNITY_SPECCUBE_BOX_PROJECTION UNITY_SPECCUBE_BLENDING UNITY_ENABLE_DETAIL_NORMALMAP SHADER_API_DESKTOP UNITY_COLORSPACE_GAMMA UNITY_LIGHT_PROBE_PROXY_VOLUME UNITY_LIGHTMAP_FULL_HDR uKW=DIRECTIONAL SHADOWS_SCREEN dKW=UNITY_HDR_ON POINT SPOT POINT_COOKIE DIRECTIONAL_COOKIE SHADOWS_SHADOWMASK LIGHTMAP_SHADOW_MIXING SHADOWS_DEPTH SHADOWS_SOFT SHADOWS_CUBE UNITY_NO_DXT5nm UNITY_ENABLE_NATIVE_SHADOW_LOOKUPS UNITY_METAL_SHADOWS_USE_POINT_FILTERING UNITY_NO_SCREENSPACE_SHADOWS UNITY_PBS_USE_BRDF2 UNITY_PBS_USE_BRDF3 UNITY_NO_FULL_STANDARD_SHADER UNITY_HARDWARE_TIER1 UNITY_HARDWARE_TIER2 UNITY_HARDWARE_TIER3 UNITY_HALF_PRECISION_FRAGMENT_SHADER_REGISTERS UNITY_LIGHTMAP_DLDR_ENCODING UNITY_LIGHTMAP_RGBM_ENCODING UNITY_VIRTUAL_TEXTURING UNITY_PRETRANSFORM_TO_DISPLAY_ORIENTATION UNITY_ASTC_NORMALMAP_ENCODING SHADER_API_GLES30 flags=0 lang=0 type=Fragment platform=metal reqs=227 mask=6 start=18 ok=1 outsize=6834

Cmd: compileSnippet
  insize=2104 file=Assets/DefaultResourcesExtra/Hidden/Internal-DeferredShading pass=Pass 0 cachingPP=1 ppOnly=0 stripLineD=0 buildPlatform=2 rsLen=0 pKW=UNITY_ENABLE_REFLECTION_BUFFERS UNITY_USE_DITHER_MASK_FOR_ALPHABLENDED_SHADOWS UNITY_PBS_USE_BRDF1 UNITY_SPECCUBE_BOX_PROJECTION UNITY_SPECCUBE_BLENDING UNITY_ENABLE_DETAIL_NORMALMAP SHADER_API_DESKTOP UNITY_COLORSPACE_GAMMA UNITY_LIGHT_PROBE_PROXY_VOLUME UNITY_LIGHTMAP_FULL_HDR uKW=DIRECTIONAL UNITY_HDR_ON dKW=POINT SPOT POINT_COOKIE DIRECTIONAL_COOKIE SHADOWS_SHADOWMASK LIGHTMAP_SHADOW_MIXING SHADOWS_DEPTH SHADOWS_SOFT SHADOWS_SCREEN SHADOWS_CUBE UNITY_NO_DXT5nm UNITY_ENABLE_NATIVE_SHADOW_LOOKUPS UNITY_METAL_SHADOWS_USE_POINT_FILTERING UNITY_NO_SCREENSPACE_SHADOWS UNITY_PBS_USE_BRDF2 UNITY_PBS_USE_BRDF3 UNITY_NO_FULL_STANDARD_SHADER UNITY_HARDWARE_TIER1 UNITY_HARDWARE_TIER2 UNITY_HARDWARE_TIER3 UNITY_HALF_PRECISION_FRAGMENT_SHADER_REGISTERS UNITY_LIGHTMAP_DLDR_ENCODING UNITY_LIGHTMAP_RGBM_ENCODING UNITY_VIRTUAL_TEXTURING UNITY_PRETRANSFORM_TO_DISPLAY_ORIENTATION UNITY_ASTC_NORMALMAP_ENCODING SHADER_API_GLES30 flags=0 lang=0 type=Fragment platform=metal reqs=227 mask=6 start=18 ok=1 outsize=5933

Cmd: compileSnippet
  insize=2104 file=Assets/DefaultResourcesExtra/Hidden/Internal-DeferredShading pass=Pass 0 cachingPP=1 ppOnly=0 stripLineD=0 buildPlatform=2 rsLen=0 pKW=UNITY_ENABLE_REFLECTION_BUFFERS UNITY_USE_DITHER_MASK_FOR_ALPHABLENDED_SHADOWS UNITY_PBS_USE_BRDF1 UNITY_SPECCUBE_BOX_PROJECTION UNITY_SPECCUBE_BLENDING UNITY_ENABLE_DETAIL_NORMALMAP SHADER_API_DESKTOP UNITY_COLORSPACE_GAMMA UNITY_LIGHT_PROBE_PROXY_VOLUME UNITY_LIGHTMAP_FULL_HDR uKW=POINT_COOKIE SHADOWS_CUBE UNITY_HDR_ON dKW=POINT DIRECTIONAL SPOT DIRECTIONAL_COOKIE SHADOWS_SHADOWMASK LIGHTMAP_SHADOW_MIXING SHADOWS_DEPTH SHADOWS_SOFT SHADOWS_SCREEN UNITY_NO_DXT5nm UNITY_ENABLE_NATIVE_SHADOW_LOOKUPS UNITY_METAL_SHADOWS_USE_POINT_FILTERING UNITY_NO_SCREENSPACE_SHADOWS UNITY_PBS_USE_BRDF2 UNITY_PBS_USE_BRDF3 UNITY_NO_FULL_STANDARD_SHADER UNITY_HARDWARE_TIER1 UNITY_HARDWARE_TIER2 UNITY_HARDWARE_TIER3 UNITY_HALF_PRECISION_FRAGMENT_SHADER_REGISTERS UNITY_LIGHTMAP_DLDR_ENCODING UNITY_LIGHTMAP_RGBM_ENCODING UNITY_VIRTUAL_TEXTURING UNITY_PRETRANSFORM_TO_DISPLAY_ORIENTATION UNITY_ASTC_NORMALMAP_ENCODING SHADER_API_GLES30 flags=0 lang=0 type=Fragment platform=metal reqs=227 mask=6 start=18 ok=1 outsize=8538

Cmd: compileSnippet
  insize=731 file=Assets/DefaultResourcesExtra/Sprites/Default pass=Pass 0 cachingPP=1 ppOnly=0 stripLineD=0 buildPlatform=2 rsLen=0 pKW=UNITY_ENABLE_REFLECTION_BUFFERS UNITY_USE_DITHER_MASK_FOR_ALPHABLENDED_SHADOWS UNITY_PBS_USE_BRDF1 UNITY_SPECCUBE_BOX_PROJECTION UNITY_SPECCUBE_BLENDING UNITY_ENABLE_DETAIL_NORMALMAP SHADER_API_DESKTOP UNITY_COLORSPACE_GAMMA UNITY_LIGHT_PROBE_PROXY_VOLUME UNITY_LIGHTMAP_FULL_HDR uKW=ETC1_EXTERNAL_ALPHA dKW=INSTANCING_ON PIXELSNAP_ON UNITY_NO_DXT5nm UNITY_ENABLE_NATIVE_SHADOW_LOOKUPS UNITY_METAL_SHADOWS_USE_POINT_FILTERING UNITY_NO_SCREENSPACE_SHADOWS UNITY_PBS_USE_BRDF2 UNITY_PBS_USE_BRDF3 UNITY_NO_FULL_STANDARD_SHADER UNITY_HARDWARE_TIER1 UNITY_HARDWARE_TIER2 UNITY_HARDWARE_TIER3 UNITY_HALF_PRECISION_FRAGMENT_SHADER_REGISTERS UNITY_LIGHTMAP_DLDR_ENCODING UNITY_LIGHTMAP_RGBM_ENCODING UNITY_VIRTUAL_TEXTURING UNITY_PRETRANSFORM_TO_DISPLAY_ORIENTATION UNITY_ASTC_NORMALMAP_ENCODING SHADER_API_GLES30 flags=0 lang=0 type=Vertex platform=metal reqs=1 mask=6 start=32 ok=1 outsize=1759

Cmd: compileSnippet
  insize=1939 file=Assets/DefaultResourcesExtra/Sprites/Mask pass=Pass 0 cachingPP=1 ppOnly=0 stripLineD=0 buildPlatform=2 rsLen=0 pKW=UNITY_ENABLE_REFLECTION_BUFFERS UNITY_USE_DITHER_MASK_FOR_ALPHABLENDED_SHADOWS UNITY_PBS_USE_BRDF1 UNITY_SPECCUBE_BOX_PROJECTION UNITY_SPECCUBE_BLENDING UNITY_ENABLE_DETAIL_NORMALMAP SHADER_API_DESKTOP UNITY_COLORSPACE_GAMMA UNITY_LIGHT_PROBE_PROXY_VOLUME UNITY_LIGHTMAP_FULL_HDR uKW=ETC1_EXTERNAL_ALPHA PIXELSNAP_ON dKW=UNITY_NO_DXT5nm UNITY_ENABLE_NATIVE_SHADOW_LOOKUPS UNITY_METAL_SHADOWS_USE_POINT_FILTERING UNITY_NO_SCREENSPACE_SHADOWS UNITY_PBS_USE_BRDF2 UNITY_PBS_USE_BRDF3 UNITY_NO_FULL_STANDARD_SHADER UNITY_HARDWARE_TIER1 UNITY_HARDWARE_TIER2 UNITY_HARDWARE_TIER3 UNITY_HALF_PRECISION_FRAGMENT_SHADER_REGISTERS UNITY_LIGHTMAP_DLDR_ENCODING UNITY_LIGHTMAP_RGBM_ENCODING UNITY_VIRTUAL_TEXTURING UNITY_PRETRANSFORM_TO_DISPLAY_ORIENTATION UNITY_ASTC_NORMALMAP_ENCODING SHADER_API_GLES30 flags=0 lang=0 type=Vertex platform=metal reqs=33 mask=6 start=32 ok=1 outsize=1804

Cmd: compileSnippet
  insize=3025 file=Assets/DefaultResourcesExtra/UI/UI/Default pass=Default cachingPP=1 ppOnly=0 stripLineD=0 buildPlatform=2 rsLen=0 pKW=UNITY_ENABLE_REFLECTION_BUFFERS UNITY_USE_DITHER_MASK_FOR_ALPHABLENDED_SHADOWS UNITY_PBS_USE_BRDF1 UNITY_SPECCUBE_BOX_PROJECTION UNITY_SPECCUBE_BLENDING UNITY_ENABLE_DETAIL_NORMALMAP SHADER_API_DESKTOP UNITY_COLORSPACE_GAMMA UNITY_LIGHT_PROBE_PROXY_VOLUME UNITY_LIGHTMAP_FULL_HDR uKW=UNITY_UI_CLIP_RECT UNITY_UI_ALPHACLIP dKW=UNITY_NO_DXT5nm UNITY_ENABLE_NATIVE_SHADOW_LOOKUPS UNITY_METAL_SHADOWS_USE_POINT_FILTERING UNITY_NO_SCREENSPACE_SHADOWS UNITY_PBS_USE_BRDF2 UNITY_PBS_USE_BRDF3 UNITY_NO_FULL_STANDARD_SHADER UNITY_HARDWARE_TIER1 UNITY_HARDWARE_TIER2 UNITY_HARDWARE_TIER3 UNITY_HALF_PRECISION_FRAGMENT_SHADER_REGISTERS UNITY_LIGHTMAP_DLDR_ENCODING UNITY_LIGHTMAP_RGBM_ENCODING UNITY_VIRTUAL_TEXTURING UNITY_PRETRANSFORM_TO_DISPLAY_ORIENTATION UNITY_ASTC_NORMALMAP_ENCODING SHADER_API_GLES30 flags=0 lang=0 type=Fragment platform=metal reqs=1 mask=6 start=49 ok=1 outsize=1714

Cmd: compileSnippet
  insize=6278 file=Assets/DefaultResourcesExtra/Hidden/VideoDecode pass=YCbCr_To_RGB1 cachingPP=1 ppOnly=0 stripLineD=0 buildPlatform=2 rsLen=0 pKW=UNITY_ENABLE_REFLECTION_BUFFERS UNITY_USE_DITHER_MASK_FOR_ALPHABLENDED_SHADOWS UNITY_PBS_USE_BRDF1 UNITY_SPECCUBE_BOX_PROJECTION UNITY_SPECCUBE_BLENDING UNITY_ENABLE_DETAIL_NORMALMAP SHADER_API_DESKTOP UNITY_COLORSPACE_GAMMA UNITY_LIGHT_PROBE_PROXY_VOLUME UNITY_LIGHTMAP_FULL_HDR uKW=ADJUST_TO_LINEARSPACE dKW=UNITY_NO_DXT5nm UNITY_ENABLE_NATIVE_SHADOW_LOOKUPS UNITY_METAL_SHADOWS_USE_POINT_FILTERING UNITY_NO_SCREENSPACE_SHADOWS UNITY_PBS_USE_BRDF2 UNITY_PBS_USE_BRDF3 UNITY_NO_FULL_STANDARD_SHADER UNITY_HARDWARE_TIER1 UNITY_HARDWARE_TIER2 UNITY_HARDWARE_TIER3 UNITY_HALF_PRECISION_FRAGMENT_SHADER_REGISTERS UNITY_LIGHTMAP_DLDR_ENCODING UNITY_LIGHTMAP_RGBM_ENCODING UNITY_VIRTUAL_TEXTURING UNITY_PRETRANSFORM_TO_DISPLAY_ORIENTATION UNITY_ASTC_NORMALMAP_ENCODING SHADER_API_GLES30 flags=0 lang=0 type=Fragment platform=metal reqs=33 mask=6 start=172 ok=1 outsize=1671

Cmd: compileSnippet
  insize=6278 file=Assets/DefaultResourcesExtra/Hidden/VideoDecode pass=Flip_NV12_To_RGBA cachingPP=1 ppOnly=0 stripLineD=0 buildPlatform=2 rsLen=0 pKW=UNITY_ENABLE_REFLECTION_BUFFERS UNITY_USE_DITHER_MASK_FOR_ALPHABLENDED_SHADOWS UNITY_PBS_USE_BRDF1 UNITY_SPECCUBE_BOX_PROJECTION UNITY_SPECCUBE_BLENDING UNITY_ENABLE_DETAIL_NORMALMAP SHADER_API_DESKTOP UNITY_COLORSPACE_GAMMA UNITY_LIGHT_PROBE_PROXY_VOLUME UNITY_LIGHTMAP_FULL_HDR uKW=ADJUST_TO_LINEARSPACE dKW=UNITY_NO_DXT5nm UNITY_ENABLE_NATIVE_SHADOW_LOOKUPS UNITY_METAL_SHADOWS_USE_POINT_FILTERING UNITY_NO_SCREENSPACE_SHADOWS UNITY_PBS_USE_BRDF2 UNITY_PBS_USE_BRDF3 UNITY_NO_FULL_STANDARD_SHADER UNITY_HARDWARE_TIER1 UNITY_HARDWARE_TIER2 UNITY_HARDWARE_TIER3 UNITY_HALF_PRECISION_FRAGMENT_SHADER_REGISTERS UNITY_LIGHTMAP_DLDR_ENCODING UNITY_LIGHTMAP_RGBM_ENCODING UNITY_VIRTUAL_TEXTURING UNITY_PRETRANSFORM_TO_DISPLAY_ORIENTATION UNITY_ASTC_NORMALMAP_ENCODING SHADER_API_GLES30 flags=0 lang=0 type=Fragment platform=metal reqs=33 mask=6 start=240 ok=1 outsize=1655

Cmd: shutdown

Quitting shader compiler process
