Base path: '/Applications/Unity/Hub/Editor/2020.3.33f1/Unity.app/Contents', plugins path '/Applications/Unity/Hub/Editor/2020.3.33f1/Unity.app/Contents/PlaybackEngines'
Cmd: initializeCompiler

Cmd: compileComputeKernel
  insize=980 file=/Users/colenemec/Desktop/nexersys/MovementDetectionUpgrade/NXS-MovementDetection-Barracuda-PoseNet-Tutorial-V2/Library/PackageCache/com.unity.barracuda@2.1.0-preview/Barracuda/Runtime/Core/Resources/Barracuda/Broadcast_NCHW.compute kernel=BroadcastMul_NCHW cachingPP=1 ppOnly=0 stripLineD=0 buildPlatform=2 km=<CHANNELS_FIRST=1>,<UNITY_VERSION=202039> pKW=UNITY_ENABLE_REFLECTION_BUFFERS UNITY_USE_DITHER_MASK_FOR_ALPHABLENDED_SHADOWS UNITY_PBS_USE_BRDF1 UNITY_SPECCUBE_BOX_PROJECTION UNITY_SPECCUBE_BLENDING UNITY_ENABLE_DETAIL_NORMALMAP SHADER_API_DESKTOP UNITY_COLORSPACE_GAMMA UNITY_LIGHT_PROBE_PROXY_VOLUME UNITY_LIGHTMAP_FULL_HDR uKW=SHADER_STAGE_COMPUTE platform=metal flags=4096 ok=1 outsize=2909

Cmd: compileComputeKernel
  insize=13347 file=/Users/colenemec/Desktop/nexersys/MovementDetectionUpgrade/NXS-MovementDetection-Barracuda-PoseNet-Tutorial-V2/Library/PackageCache/com.unity.barracuda@2.1.0-preview/Barracuda/Runtime/Core/Resources/Barracuda/Conv3d.compute kernel=Conv3DKernelKxK_StrictC8LaxK32_T8x16_R4x4_NCHW cachingPP=1 ppOnly=0 stripLineD=0 buildPlatform=2 km=<CHANNELS_FIRST=1>,<STRICT_CHANNELS=1>,<LAX_KERNEL=1>,<SUFFIX=KernelKxK_StrictC8LaxK32_T8x16_R>,<UNITY_VERSION=202039> pKW=UNITY_ENABLE_REFLECTION_BUFFERS UNITY_USE_DITHER_MASK_FOR_ALPHABLENDED_SHADOWS UNITY_PBS_USE_BRDF1 UNITY_SPECCUBE_BOX_PROJECTION UNITY_SPECCUBE_BLENDING UNITY_ENABLE_DETAIL_NORMALMAP SHADER_API_DESKTOP UNITY_COLORSPACE_GAMMA UNITY_LIGHT_PROBE_PROXY_VOLUME UNITY_LIGHTMAP_FULL_HDR uKW=SHADER_STAGE_COMPUTE platform=metal flags=4096 ok=1 outsize=22796

Cmd: compileComputeKernel
  insize=15342 file=/Users/colenemec/Desktop/nexersys/MovementDetectionUpgrade/NXS-MovementDetection-Barracuda-PoseNet-Tutorial-V2/Library/PackageCache/com.unity.barracuda@2.1.0-preview/Barracuda/Runtime/Core/Resources/Barracuda/Reduce.compute kernel=PartialReduceMax cachingPP=1 ppOnly=0 stripLineD=0 buildPlatform=2 km=<LOOP=0>,<REDUCEMAX=1>,<PARTIALSUFFIX=PartialReduceMax>,<UNITY_VERSION=202039> pKW=UNITY_ENABLE_REFLECTION_BUFFERS UNITY_USE_DITHER_MASK_FOR_ALPHABLENDED_SHADOWS UNITY_PBS_USE_BRDF1 UNITY_SPECCUBE_BOX_PROJECTION UNITY_SPECCUBE_BLENDING UNITY_ENABLE_DETAIL_NORMALMAP SHADER_API_DESKTOP UNITY_COLORSPACE_GAMMA UNITY_LIGHT_PROBE_PROXY_VOLUME UNITY_LIGHTMAP_FULL_HDR uKW=SHADER_STAGE_COMPUTE platform=metal flags=4096 ok=1 outsize=5597

Cmd: compileComputeKernel
  insize=15342 file=/Users/colenemec/Desktop/nexersys/MovementDetectionUpgrade/NXS-MovementDetection-Barracuda-PoseNet-Tutorial-V2/Library/PackageCache/com.unity.barracuda@2.1.0-preview/Barracuda/Runtime/Core/Resources/Barracuda/Reduce.compute kernel=PartialReduceProd_Loop cachingPP=1 ppOnly=0 stripLineD=0 buildPlatform=2 km=<LOOP=1>,<REDUCEPROD=1>,<PARTIALSUFFIX=PartialReduceProd>,<UNITY_VERSION=202039> pKW=UNITY_ENABLE_REFLECTION_BUFFERS UNITY_USE_DITHER_MASK_FOR_ALPHABLENDED_SHADOWS UNITY_PBS_USE_BRDF1 UNITY_SPECCUBE_BOX_PROJECTION UNITY_SPECCUBE_BLENDING UNITY_ENABLE_DETAIL_NORMALMAP SHADER_API_DESKTOP UNITY_COLORSPACE_GAMMA UNITY_LIGHT_PROBE_PROXY_VOLUME UNITY_LIGHTMAP_FULL_HDR uKW=SHADER_STAGE_COMPUTE platform=metal flags=4096 ok=1 outsize=7430

Cmd: compileComputeKernel
  insize=76435 file=/Users/colenemec/Desktop/nexersys/MovementDetectionUpgrade/NXS-MovementDetection-Barracuda-PoseNet-Tutorial-V2/Library/PackageCache/com.unity.barracuda@2.1.0-preview/Barracuda/Runtime/Core/Resources/Barracuda/Dense.compute kernel=Dense_T8x8_R4x4 cachingPP=1 ppOnly=0 stripLineD=0 buildPlatform=2 km=<DENSE=1>,<BLOCK_SIZE=4>,<UNITY_VERSION=202039> pKW=UNITY_ENABLE_REFLECTION_BUFFERS UNITY_USE_DITHER_MASK_FOR_ALPHABLENDED_SHADOWS UNITY_PBS_USE_BRDF1 UNITY_SPECCUBE_BOX_PROJECTION UNITY_SPECCUBE_BLENDING UNITY_ENABLE_DETAIL_NORMALMAP SHADER_API_DESKTOP UNITY_COLORSPACE_GAMMA UNITY_LIGHT_PROBE_PROXY_VOLUME UNITY_LIGHTMAP_FULL_HDR uKW=SHADER_STAGE_COMPUTE platform=metal flags=4096 ok=1 outsize=10682

Cmd: compileComputeKernel
  insize=81930 file=/Users/colenemec/Desktop/nexersys/MovementDetectionUpgrade/NXS-MovementDetection-Barracuda-PoseNet-Tutorial-V2/Library/PackageCache/com.unity.barracuda@2.1.0-preview/Barracuda/Runtime/Core/Resources/Barracuda/BarracudaReferenceImpl.compute kernel=DepthwiseConv2D_NCHW cachingPP=1 ppOnly=0 stripLineD=0 buildPlatform=2 km=<CHANNELS_FIRST=1>,<UNITY_VERSION=202039> pKW=UNITY_ENABLE_REFLECTION_BUFFERS UNITY_USE_DITHER_MASK_FOR_ALPHABLENDED_SHADOWS UNITY_PBS_USE_BRDF1 UNITY_SPECCUBE_BOX_PROJECTION UNITY_SPECCUBE_BLENDING UNITY_ENABLE_DETAIL_NORMALMAP SHADER_API_DESKTOP UNITY_COLORSPACE_GAMMA UNITY_LIGHT_PROBE_PROXY_VOLUME UNITY_LIGHTMAP_FULL_HDR uKW=SHADER_STAGE_COMPUTE platform=metal flags=4096  error: 1 plat 14 at BarracudaReferenceImpl.compute(1290): signed/unsigned mismatch, unsigned assumed
  error: 1 plat 14 at BarracudaReferenceImpl.compute(1291): signed/unsigned mismatch, unsigned assumed
  error: 1 plat 14 at BarracudaReferenceImpl.compute(1295): signed/unsigned mismatch, unsigned assumed
  error: 1 plat 14 at BarracudaReferenceImpl.compute(1303): signed/unsigned mismatch, unsigned assumed
  error: 1 plat 14 at BarracudaReferenceImpl.compute(1309): signed/unsigned mismatch, unsigned assumed
 ok=1 outsize=5820

Cmd: compileComputeKernel
  insize=81930 file=/Users/colenemec/Desktop/nexersys/MovementDetectionUpgrade/NXS-MovementDetection-Barracuda-PoseNet-Tutorial-V2/Library/PackageCache/com.unity.barracuda@2.1.0-preview/Barracuda/Runtime/Core/Resources/Barracuda/BarracudaReferenceImpl.compute kernel=UpsampleBilinear2D_NHWC cachingPP=1 ppOnly=0 stripLineD=0 buildPlatform=2 km=<CHANNELS_FIRST=0>,<UNITY_VERSION=202039> pKW=UNITY_ENABLE_REFLECTION_BUFFERS UNITY_USE_DITHER_MASK_FOR_ALPHABLENDED_SHADOWS UNITY_PBS_USE_BRDF1 UNITY_SPECCUBE_BOX_PROJECTION UNITY_SPECCUBE_BLENDING UNITY_ENABLE_DETAIL_NORMALMAP SHADER_API_DESKTOP UNITY_COLORSPACE_GAMMA UNITY_LIGHT_PROBE_PROXY_VOLUME UNITY_LIGHTMAP_FULL_HDR uKW=SHADER_STAGE_COMPUTE platform=metal flags=4096  error: 1 plat 14 at BarracudaReferenceImpl.compute(1290): signed/unsigned mismatch, unsigned assumed
  error: 1 plat 14 at BarracudaReferenceImpl.compute(1291): signed/unsigned mismatch, unsigned assumed
  error: 1 plat 14 at BarracudaReferenceImpl.compute(1295): signed/unsigned mismatch, unsigned assumed
  error: 1 plat 14 at BarracudaReferenceImpl.compute(1303): signed/unsigned mismatch, unsigned assumed
  error: 1 plat 14 at BarracudaReferenceImpl.compute(1309): signed/unsigned mismatch, unsigned assumed
 ok=1 outsize=4923

Cmd: compileComputeKernel
  insize=81930 file=/Users/colenemec/Desktop/nexersys/MovementDetectionUpgrade/NXS-MovementDetection-Barracuda-PoseNet-Tutorial-V2/Library/PackageCache/com.unity.barracuda@2.1.0-preview/Barracuda/Runtime/Core/Resources/Barracuda/BarracudaReferenceImpl.compute kernel=ResampleBilinear2D_NCHW cachingPP=1 ppOnly=0 stripLineD=0 buildPlatform=2 km=<CHANNELS_FIRST=1>,<UNITY_VERSION=202039> pKW=UNITY_ENABLE_REFLECTION_BUFFERS UNITY_USE_DITHER_MASK_FOR_ALPHABLENDED_SHADOWS UNITY_PBS_USE_BRDF1 UNITY_SPECCUBE_BOX_PROJECTION UNITY_SPECCUBE_BLENDING UNITY_ENABLE_DETAIL_NORMALMAP SHADER_API_DESKTOP UNITY_COLORSPACE_GAMMA UNITY_LIGHT_PROBE_PROXY_VOLUME UNITY_LIGHTMAP_FULL_HDR uKW=SHADER_STAGE_COMPUTE platform=metal flags=4096  error: 1 plat 14 at BarracudaReferenceImpl.compute(1290): signed/unsigned mismatch, unsigned assumed
  error: 1 plat 14 at BarracudaReferenceImpl.compute(1291): signed/unsigned mismatch, unsigned assumed
  error: 1 plat 14 at BarracudaReferenceImpl.compute(1295): signed/unsigned mismatch, unsigned assumed
  error: 1 plat 14 at BarracudaReferenceImpl.compute(1303): signed/unsigned mismatch, unsigned assumed
  error: 1 plat 14 at BarracudaReferenceImpl.compute(1309): signed/unsigned mismatch, unsigned assumed
 ok=1 outsize=4688

Cmd: compileComputeKernel
  insize=81930 file=/Users/colenemec/Desktop/nexersys/MovementDetectionUpgrade/NXS-MovementDetection-Barracuda-PoseNet-Tutorial-V2/Library/PackageCache/com.unity.barracuda@2.1.0-preview/Barracuda/Runtime/Core/Resources/Barracuda/BarracudaReferenceImpl.compute kernel=GlobalMaxPool2D_NHWC cachingPP=1 ppOnly=0 stripLineD=0 buildPlatform=2 km=<CHANNELS_FIRST=0>,<UNITY_VERSION=202039> pKW=UNITY_ENABLE_REFLECTION_BUFFERS UNITY_USE_DITHER_MASK_FOR_ALPHABLENDED_SHADOWS UNITY_PBS_USE_BRDF1 UNITY_SPECCUBE_BOX_PROJECTION UNITY_SPECCUBE_BLENDING UNITY_ENABLE_DETAIL_NORMALMAP SHADER_API_DESKTOP UNITY_COLORSPACE_GAMMA UNITY_LIGHT_PROBE_PROXY_VOLUME UNITY_LIGHTMAP_FULL_HDR uKW=SHADER_STAGE_COMPUTE platform=metal flags=4096  error: 1 plat 14 at BarracudaReferenceImpl.compute(1290): signed/unsigned mismatch, unsigned assumed
  error: 1 plat 14 at BarracudaReferenceImpl.compute(1291): signed/unsigned mismatch, unsigned assumed
  error: 1 plat 14 at BarracudaReferenceImpl.compute(1295): signed/unsigned mismatch, unsigned assumed
  error: 1 plat 14 at BarracudaReferenceImpl.compute(1303): signed/unsigned mismatch, unsigned assumed
  error: 1 plat 14 at BarracudaReferenceImpl.compute(1309): signed/unsigned mismatch, unsigned assumed
 ok=1 outsize=2702

Cmd: compileComputeKernel
  insize=81930 file=/Users/colenemec/Desktop/nexersys/MovementDetectionUpgrade/NXS-MovementDetection-Barracuda-PoseNet-Tutorial-V2/Library/PackageCache/com.unity.barracuda@2.1.0-preview/Barracuda/Runtime/Core/Resources/Barracuda/BarracudaReferenceImpl.compute kernel=ScaleBias_NHWC cachingPP=1 ppOnly=0 stripLineD=0 buildPlatform=2 km=<CHANNELS_FIRST=0>,<UNITY_VERSION=202039> pKW=UNITY_ENABLE_REFLECTION_BUFFERS UNITY_USE_DITHER_MASK_FOR_ALPHABLENDED_SHADOWS UNITY_PBS_USE_BRDF1 UNITY_SPECCUBE_BOX_PROJECTION UNITY_SPECCUBE_BLENDING UNITY_ENABLE_DETAIL_NORMALMAP SHADER_API_DESKTOP UNITY_COLORSPACE_GAMMA UNITY_LIGHT_PROBE_PROXY_VOLUME UNITY_LIGHTMAP_FULL_HDR uKW=SHADER_STAGE_COMPUTE platform=metal flags=4096  error: 1 plat 14 at BarracudaReferenceImpl.compute(1290): signed/unsigned mismatch, unsigned assumed
  error: 1 plat 14 at BarracudaReferenceImpl.compute(1291): signed/unsigned mismatch, unsigned assumed
  error: 1 plat 14 at BarracudaReferenceImpl.compute(1295): signed/unsigned mismatch, unsigned assumed
  error: 1 plat 14 at BarracudaReferenceImpl.compute(1303): signed/unsigned mismatch, unsigned assumed
  error: 1 plat 14 at BarracudaReferenceImpl.compute(1309): signed/unsigned mismatch, unsigned assumed
 ok=1 outsize=7708

Cmd: compileComputeKernel
  insize=81930 file=/Users/colenemec/Desktop/nexersys/MovementDetectionUpgrade/NXS-MovementDetection-Barracuda-PoseNet-Tutorial-V2/Library/PackageCache/com.unity.barracuda@2.1.0-preview/Barracuda/Runtime/Core/Resources/Barracuda/BarracudaReferenceImpl.compute kernel=Floor_NHWC cachingPP=1 ppOnly=0 stripLineD=0 buildPlatform=2 km=<CHANNELS_FIRST=0>,<UNITY_VERSION=202039> pKW=UNITY_ENABLE_REFLECTION_BUFFERS UNITY_USE_DITHER_MASK_FOR_ALPHABLENDED_SHADOWS UNITY_PBS_USE_BRDF1 UNITY_SPECCUBE_BOX_PROJECTION UNITY_SPECCUBE_BLENDING UNITY_ENABLE_DETAIL_NORMALMAP SHADER_API_DESKTOP UNITY_COLORSPACE_GAMMA UNITY_LIGHT_PROBE_PROXY_VOLUME UNITY_LIGHTMAP_FULL_HDR uKW=SHADER_STAGE_COMPUTE platform=metal flags=4096  error: 1 plat 14 at BarracudaReferenceImpl.compute(1290): signed/unsigned mismatch, unsigned assumed
  error: 1 plat 14 at BarracudaReferenceImpl.compute(1291): signed/unsigned mismatch, unsigned assumed
  error: 1 plat 14 at BarracudaReferenceImpl.compute(1295): signed/unsigned mismatch, unsigned assumed
  error: 1 plat 14 at BarracudaReferenceImpl.compute(1303): signed/unsigned mismatch, unsigned assumed
  error: 1 plat 14 at BarracudaReferenceImpl.compute(1309): signed/unsigned mismatch, unsigned assumed
 ok=1 outsize=7023

Cmd: compileComputeKernel
  insize=81930 file=/Users/colenemec/Desktop/nexersys/MovementDetectionUpgrade/NXS-MovementDetection-Barracuda-PoseNet-Tutorial-V2/Library/PackageCache/com.unity.barracuda@2.1.0-preview/Barracuda/Runtime/Core/Resources/Barracuda/BarracudaReferenceImpl.compute kernel=Tanh_NHWC cachingPP=1 ppOnly=0 stripLineD=0 buildPlatform=2 km=<CHANNELS_FIRST=0>,<UNITY_VERSION=202039> pKW=UNITY_ENABLE_REFLECTION_BUFFERS UNITY_USE_DITHER_MASK_FOR_ALPHABLENDED_SHADOWS UNITY_PBS_USE_BRDF1 UNITY_SPECCUBE_BOX_PROJECTION UNITY_SPECCUBE_BLENDING UNITY_ENABLE_DETAIL_NORMALMAP SHADER_API_DESKTOP UNITY_COLORSPACE_GAMMA UNITY_LIGHT_PROBE_PROXY_VOLUME UNITY_LIGHTMAP_FULL_HDR uKW=SHADER_STAGE_COMPUTE platform=metal flags=4096  error: 1 plat 14 at BarracudaReferenceImpl.compute(1290): signed/unsigned mismatch, unsigned assumed
  error: 1 plat 14 at BarracudaReferenceImpl.compute(1291): signed/unsigned mismatch, unsigned assumed
  error: 1 plat 14 at BarracudaReferenceImpl.compute(1295): signed/unsigned mismatch, unsigned assumed
  error: 1 plat 14 at BarracudaReferenceImpl.compute(1303): signed/unsigned mismatch, unsigned assumed
  error: 1 plat 14 at BarracudaReferenceImpl.compute(1309): signed/unsigned mismatch, unsigned assumed
 ok=1 outsize=7508

Cmd: compileComputeKernel
  insize=81930 file=/Users/colenemec/Desktop/nexersys/MovementDetectionUpgrade/NXS-MovementDetection-Barracuda-PoseNet-Tutorial-V2/Library/PackageCache/com.unity.barracuda@2.1.0-preview/Barracuda/Runtime/Core/Resources/Barracuda/BarracudaReferenceImpl.compute kernel=Selu_NHWC cachingPP=1 ppOnly=0 stripLineD=0 buildPlatform=2 km=<CHANNELS_FIRST=0>,<UNITY_VERSION=202039> pKW=UNITY_ENABLE_REFLECTION_BUFFERS UNITY_USE_DITHER_MASK_FOR_ALPHABLENDED_SHADOWS UNITY_PBS_USE_BRDF1 UNITY_SPECCUBE_BOX_PROJECTION UNITY_SPECCUBE_BLENDING UNITY_ENABLE_DETAIL_NORMALMAP SHADER_API_DESKTOP UNITY_COLORSPACE_GAMMA UNITY_LIGHT_PROBE_PROXY_VOLUME UNITY_LIGHTMAP_FULL_HDR uKW=SHADER_STAGE_COMPUTE platform=metal flags=4096  error: 1 plat 14 at BarracudaReferenceImpl.compute(1290): signed/unsigned mismatch, unsigned assumed
  error: 1 plat 14 at BarracudaReferenceImpl.compute(1291): signed/unsigned mismatch, unsigned assumed
  error: 1 plat 14 at BarracudaReferenceImpl.compute(1295): signed/unsigned mismatch, unsigned assumed
  error: 1 plat 14 at BarracudaReferenceImpl.compute(1303): signed/unsigned mismatch, unsigned assumed
  error: 1 plat 14 at BarracudaReferenceImpl.compute(1309): signed/unsigned mismatch, unsigned assumed
 ok=1 outsize=7531

Cmd: compileComputeKernel
  insize=81930 file=/Users/colenemec/Desktop/nexersys/MovementDetectionUpgrade/NXS-MovementDetection-Barracuda-PoseNet-Tutorial-V2/Library/PackageCache/com.unity.barracuda@2.1.0-preview/Barracuda/Runtime/Core/Resources/Barracuda/BarracudaReferenceImpl.compute kernel=Acos_NCHW cachingPP=1 ppOnly=0 stripLineD=0 buildPlatform=2 km=<CHANNELS_FIRST=1>,<UNITY_VERSION=202039> pKW=UNITY_ENABLE_REFLECTION_BUFFERS UNITY_USE_DITHER_MASK_FOR_ALPHABLENDED_SHADOWS UNITY_PBS_USE_BRDF1 UNITY_SPECCUBE_BOX_PROJECTION UNITY_SPECCUBE_BLENDING UNITY_ENABLE_DETAIL_NORMALMAP SHADER_API_DESKTOP UNITY_COLORSPACE_GAMMA UNITY_LIGHT_PROBE_PROXY_VOLUME UNITY_LIGHTMAP_FULL_HDR uKW=SHADER_STAGE_COMPUTE platform=metal flags=4096  error: 1 plat 14 at BarracudaReferenceImpl.compute(1290): signed/unsigned mismatch, unsigned assumed
  error: 1 plat 14 at BarracudaReferenceImpl.compute(1291): signed/unsigned mismatch, unsigned assumed
  error: 1 plat 14 at BarracudaReferenceImpl.compute(1295): signed/unsigned mismatch, unsigned assumed
  error: 1 plat 14 at BarracudaReferenceImpl.compute(1303): signed/unsigned mismatch, unsigned assumed
  error: 1 plat 14 at BarracudaReferenceImpl.compute(1309): signed/unsigned mismatch, unsigned assumed
 ok=1 outsize=7604

Cmd: compileComputeKernel
  insize=81930 file=/Users/colenemec/Desktop/nexersys/MovementDetectionUpgrade/NXS-MovementDetection-Barracuda-PoseNet-Tutorial-V2/Library/PackageCache/com.unity.barracuda@2.1.0-preview/Barracuda/Runtime/Core/Resources/Barracuda/BarracudaReferenceImpl.compute kernel=Cos_NCHW cachingPP=1 ppOnly=0 stripLineD=0 buildPlatform=2 km=<CHANNELS_FIRST=1>,<UNITY_VERSION=202039> pKW=UNITY_ENABLE_REFLECTION_BUFFERS UNITY_USE_DITHER_MASK_FOR_ALPHABLENDED_SHADOWS UNITY_PBS_USE_BRDF1 UNITY_SPECCUBE_BOX_PROJECTION UNITY_SPECCUBE_BLENDING UNITY_ENABLE_DETAIL_NORMALMAP SHADER_API_DESKTOP UNITY_COLORSPACE_GAMMA UNITY_LIGHT_PROBE_PROXY_VOLUME UNITY_LIGHTMAP_FULL_HDR uKW=SHADER_STAGE_COMPUTE platform=metal flags=4096  error: 1 plat 14 at BarracudaReferenceImpl.compute(1290): signed/unsigned mismatch, unsigned assumed
  error: 1 plat 14 at BarracudaReferenceImpl.compute(1291): signed/unsigned mismatch, unsigned assumed
  error: 1 plat 14 at BarracudaReferenceImpl.compute(1295): signed/unsigned mismatch, unsigned assumed
  error: 1 plat 14 at BarracudaReferenceImpl.compute(1303): signed/unsigned mismatch, unsigned assumed
  error: 1 plat 14 at BarracudaReferenceImpl.compute(1309): signed/unsigned mismatch, unsigned assumed
 ok=1 outsize=6937

Cmd: compileComputeKernel
  insize=81930 file=/Users/colenemec/Desktop/nexersys/MovementDetectionUpgrade/NXS-MovementDetection-Barracuda-PoseNet-Tutorial-V2/Library/PackageCache/com.unity.barracuda@2.1.0-preview/Barracuda/Runtime/Core/Resources/Barracuda/BarracudaReferenceImpl.compute kernel=Copy_NHWC cachingPP=1 ppOnly=0 stripLineD=0 buildPlatform=2 km=<CHANNELS_FIRST=0>,<UNITY_VERSION=202039> pKW=UNITY_ENABLE_REFLECTION_BUFFERS UNITY_USE_DITHER_MASK_FOR_ALPHABLENDED_SHADOWS UNITY_PBS_USE_BRDF1 UNITY_SPECCUBE_BOX_PROJECTION UNITY_SPECCUBE_BLENDING UNITY_ENABLE_DETAIL_NORMALMAP SHADER_API_DESKTOP UNITY_COLORSPACE_GAMMA UNITY_LIGHT_PROBE_PROXY_VOLUME UNITY_LIGHTMAP_FULL_HDR uKW=SHADER_STAGE_COMPUTE platform=metal flags=4096  error: 1 plat 14 at BarracudaReferenceImpl.compute(1290): signed/unsigned mismatch, unsigned assumed
  error: 1 plat 14 at BarracudaReferenceImpl.compute(1291): signed/unsigned mismatch, unsigned assumed
  error: 1 plat 14 at BarracudaReferenceImpl.compute(1295): signed/unsigned mismatch, unsigned assumed
  error: 1 plat 14 at BarracudaReferenceImpl.compute(1303): signed/unsigned mismatch, unsigned assumed
  error: 1 plat 14 at BarracudaReferenceImpl.compute(1309): signed/unsigned mismatch, unsigned assumed
 ok=1 outsize=2542

Cmd: compileComputeKernel
  insize=81930 file=/Users/colenemec/Desktop/nexersys/MovementDetectionUpgrade/NXS-MovementDetection-Barracuda-PoseNet-Tutorial-V2/Library/PackageCache/com.unity.barracuda@2.1.0-preview/Barracuda/Runtime/Core/Resources/Barracuda/BarracudaReferenceImpl.compute kernel=BroadcastAdd_NHWC cachingPP=1 ppOnly=0 stripLineD=0 buildPlatform=2 km=<CHANNELS_FIRST=0>,<UNITY_VERSION=202039> pKW=UNITY_ENABLE_REFLECTION_BUFFERS UNITY_USE_DITHER_MASK_FOR_ALPHABLENDED_SHADOWS UNITY_PBS_USE_BRDF1 UNITY_SPECCUBE_BOX_PROJECTION UNITY_SPECCUBE_BLENDING UNITY_ENABLE_DETAIL_NORMALMAP SHADER_API_DESKTOP UNITY_COLORSPACE_GAMMA UNITY_LIGHT_PROBE_PROXY_VOLUME UNITY_LIGHTMAP_FULL_HDR uKW=SHADER_STAGE_COMPUTE platform=metal flags=4096  error: 1 plat 14 at BarracudaReferenceImpl.compute(1290): signed/unsigned mismatch, unsigned assumed
  error: 1 plat 14 at BarracudaReferenceImpl.compute(1291): signed/unsigned mismatch, unsigned assumed
  error: 1 plat 14 at BarracudaReferenceImpl.compute(1295): signed/unsigned mismatch, unsigned assumed
  error: 1 plat 14 at BarracudaReferenceImpl.compute(1303): signed/unsigned mismatch, unsigned assumed
  error: 1 plat 14 at BarracudaReferenceImpl.compute(1309): signed/unsigned mismatch, unsigned assumed
 ok=1 outsize=11387

Cmd: compileComputeKernel
  insize=81930 file=/Users/colenemec/Desktop/nexersys/MovementDetectionUpgrade/NXS-MovementDetection-Barracuda-PoseNet-Tutorial-V2/Library/PackageCache/com.unity.barracuda@2.1.0-preview/Barracuda/Runtime/Core/Resources/Barracuda/BarracudaReferenceImpl.compute kernel=BroadcastMax_NHWC cachingPP=1 ppOnly=0 stripLineD=0 buildPlatform=2 km=<CHANNELS_FIRST=0>,<UNITY_VERSION=202039> pKW=UNITY_ENABLE_REFLECTION_BUFFERS UNITY_USE_DITHER_MASK_FOR_ALPHABLENDED_SHADOWS UNITY_PBS_USE_BRDF1 UNITY_SPECCUBE_BOX_PROJECTION UNITY_SPECCUBE_BLENDING UNITY_ENABLE_DETAIL_NORMALMAP SHADER_API_DESKTOP UNITY_COLORSPACE_GAMMA UNITY_LIGHT_PROBE_PROXY_VOLUME UNITY_LIGHTMAP_FULL_HDR uKW=SHADER_STAGE_COMPUTE platform=metal flags=4096  error: 1 plat 14 at BarracudaReferenceImpl.compute(1290): signed/unsigned mismatch, unsigned assumed
  error: 1 plat 14 at BarracudaReferenceImpl.compute(1291): signed/unsigned mismatch, unsigned assumed
  error: 1 plat 14 at BarracudaReferenceImpl.compute(1295): signed/unsigned mismatch, unsigned assumed
  error: 1 plat 14 at BarracudaReferenceImpl.compute(1303): signed/unsigned mismatch, unsigned assumed
  error: 1 plat 14 at BarracudaReferenceImpl.compute(1309): signed/unsigned mismatch, unsigned assumed
 ok=1 outsize=11391

Cmd: compileComputeKernel
  insize=81930 file=/Users/colenemec/Desktop/nexersys/MovementDetectionUpgrade/NXS-MovementDetection-Barracuda-PoseNet-Tutorial-V2/Library/PackageCache/com.unity.barracuda@2.1.0-preview/Barracuda/Runtime/Core/Resources/Barracuda/BarracudaReferenceImpl.compute kernel=BroadcastEqual_NCHW cachingPP=1 ppOnly=0 stripLineD=0 buildPlatform=2 km=<CHANNELS_FIRST=1>,<UNITY_VERSION=202039> pKW=UNITY_ENABLE_REFLECTION_BUFFERS UNITY_USE_DITHER_MASK_FOR_ALPHABLENDED_SHADOWS UNITY_PBS_USE_BRDF1 UNITY_SPECCUBE_BOX_PROJECTION UNITY_SPECCUBE_BLENDING UNITY_ENABLE_DETAIL_NORMALMAP SHADER_API_DESKTOP UNITY_COLORSPACE_GAMMA UNITY_LIGHT_PROBE_PROXY_VOLUME UNITY_LIGHTMAP_FULL_HDR uKW=SHADER_STAGE_COMPUTE platform=metal flags=4096  error: 1 plat 14 at BarracudaReferenceImpl.compute(1290): signed/unsigned mismatch, unsigned assumed
  error: 1 plat 14 at BarracudaReferenceImpl.compute(1291): signed/unsigned mismatch, unsigned assumed
  error: 1 plat 14 at BarracudaReferenceImpl.compute(1295): signed/unsigned mismatch, unsigned assumed
  error: 1 plat 14 at BarracudaReferenceImpl.compute(1303): signed/unsigned mismatch, unsigned assumed
  error: 1 plat 14 at BarracudaReferenceImpl.compute(1309): signed/unsigned mismatch, unsigned assumed
 ok=1 outsize=11338

Cmd: compileComputeKernel
  insize=81930 file=/Users/colenemec/Desktop/nexersys/MovementDetectionUpgrade/NXS-MovementDetection-Barracuda-PoseNet-Tutorial-V2/Library/PackageCache/com.unity.barracuda@2.1.0-preview/Barracuda/Runtime/Core/Resources/Barracuda/BarracudaReferenceImpl.compute kernel=BroadcastWhere_NCHW cachingPP=1 ppOnly=0 stripLineD=0 buildPlatform=2 km=<CHANNELS_FIRST=1>,<UNITY_VERSION=202039> pKW=UNITY_ENABLE_REFLECTION_BUFFERS UNITY_USE_DITHER_MASK_FOR_ALPHABLENDED_SHADOWS UNITY_PBS_USE_BRDF1 UNITY_SPECCUBE_BOX_PROJECTION UNITY_SPECCUBE_BLENDING UNITY_ENABLE_DETAIL_NORMALMAP SHADER_API_DESKTOP UNITY_COLORSPACE_GAMMA UNITY_LIGHT_PROBE_PROXY_VOLUME UNITY_LIGHTMAP_FULL_HDR uKW=SHADER_STAGE_COMPUTE platform=metal flags=4096  error: 1 plat 14 at BarracudaReferenceImpl.compute(1290): signed/unsigned mismatch, unsigned assumed
  error: 1 plat 14 at BarracudaReferenceImpl.compute(1291): signed/unsigned mismatch, unsigned assumed
  error: 1 plat 14 at BarracudaReferenceImpl.compute(1295): signed/unsigned mismatch, unsigned assumed
  error: 1 plat 14 at BarracudaReferenceImpl.compute(1303): signed/unsigned mismatch, unsigned assumed
  error: 1 plat 14 at BarracudaReferenceImpl.compute(1309): signed/unsigned mismatch, unsigned assumed
 ok=1 outsize=14711

Cmd: compileComputeKernel
  insize=81930 file=/Users/colenemec/Desktop/nexersys/MovementDetectionUpgrade/NXS-MovementDetection-Barracuda-PoseNet-Tutorial-V2/Library/PackageCache/com.unity.barracuda@2.1.0-preview/Barracuda/Runtime/Core/Resources/Barracuda/BarracudaReferenceImpl.compute kernel=Border3D_NCHW cachingPP=1 ppOnly=0 stripLineD=0 buildPlatform=2 km=<CHANNELS_FIRST=1>,<UNITY_VERSION=202039> pKW=UNITY_ENABLE_REFLECTION_BUFFERS UNITY_USE_DITHER_MASK_FOR_ALPHABLENDED_SHADOWS UNITY_PBS_USE_BRDF1 UNITY_SPECCUBE_BOX_PROJECTION UNITY_SPECCUBE_BLENDING UNITY_ENABLE_DETAIL_NORMALMAP SHADER_API_DESKTOP UNITY_COLORSPACE_GAMMA UNITY_LIGHT_PROBE_PROXY_VOLUME UNITY_LIGHTMAP_FULL_HDR uKW=SHADER_STAGE_COMPUTE platform=metal flags=4096  error: 1 plat 14 at BarracudaReferenceImpl.compute(1290): signed/unsigned mismatch, unsigned assumed
  error: 1 plat 14 at BarracudaReferenceImpl.compute(1291): signed/unsigned mismatch, unsigned assumed
  error: 1 plat 14 at BarracudaReferenceImpl.compute(1295): signed/unsigned mismatch, unsigned assumed
  error: 1 plat 14 at BarracudaReferenceImpl.compute(1303): signed/unsigned mismatch, unsigned assumed
  error: 1 plat 14 at BarracudaReferenceImpl.compute(1309): signed/unsigned mismatch, unsigned assumed
 ok=1 outsize=4221

Cmd: compileComputeKernel
  insize=81930 file=/Users/colenemec/Desktop/nexersys/MovementDetectionUpgrade/NXS-MovementDetection-Barracuda-PoseNet-Tutorial-V2/Library/PackageCache/com.unity.barracuda@2.1.0-preview/Barracuda/Runtime/Core/Resources/Barracuda/BarracudaReferenceImpl.compute kernel=Gather_NCHW cachingPP=1 ppOnly=0 stripLineD=0 buildPlatform=2 km=<CHANNELS_FIRST=1>,<UNITY_VERSION=202039> pKW=UNITY_ENABLE_REFLECTION_BUFFERS UNITY_USE_DITHER_MASK_FOR_ALPHABLENDED_SHADOWS UNITY_PBS_USE_BRDF1 UNITY_SPECCUBE_BOX_PROJECTION UNITY_SPECCUBE_BLENDING UNITY_ENABLE_DETAIL_NORMALMAP SHADER_API_DESKTOP UNITY_COLORSPACE_GAMMA UNITY_LIGHT_PROBE_PROXY_VOLUME UNITY_LIGHTMAP_FULL_HDR uKW=SHADER_STAGE_COMPUTE platform=metal flags=4096  error: 1 plat 14 at BarracudaReferenceImpl.compute(1290): signed/unsigned mismatch, unsigned assumed
  error: 1 plat 14 at BarracudaReferenceImpl.compute(1291): signed/unsigned mismatch, unsigned assumed
  error: 1 plat 14 at BarracudaReferenceImpl.compute(1295): signed/unsigned mismatch, unsigned assumed
  error: 1 plat 14 at BarracudaReferenceImpl.compute(1303): signed/unsigned mismatch, unsigned assumed
  error: 1 plat 14 at BarracudaReferenceImpl.compute(1309): signed/unsigned mismatch, unsigned assumed
 ok=1 outsize=17015

Cmd: compileComputeKernel
  insize=4426 file=/Users/colenemec/Desktop/nexersys/MovementDetectionUpgrade/NXS-MovementDetection-Barracuda-PoseNet-Tutorial-V2/Library/PackageCache/com.unity.barracuda@2.1.0-preview/Barracuda/Runtime/Core/Resources/Barracuda/Pad.compute kernel=Pad2DReflect_NCHW cachingPP=1 ppOnly=0 stripLineD=0 buildPlatform=2 km=<CHANNELS_FIRST=1>,<UNITY_VERSION=202039> pKW=UNITY_ENABLE_REFLECTION_BUFFERS UNITY_USE_DITHER_MASK_FOR_ALPHABLENDED_SHADOWS UNITY_PBS_USE_BRDF1 UNITY_SPECCUBE_BOX_PROJECTION UNITY_SPECCUBE_BLENDING UNITY_ENABLE_DETAIL_NORMALMAP SHADER_API_DESKTOP UNITY_COLORSPACE_GAMMA UNITY_LIGHT_PROBE_PROXY_VOLUME UNITY_LIGHTMAP_FULL_HDR uKW=SHADER_STAGE_COMPUTE platform=metal flags=4096 ok=1 outsize=3434

Cmd: compileComputeKernel
  insize=451 file=/Users/colenemec/Desktop/nexersys/MovementDetectionUpgrade/NXS-MovementDetection-Barracuda-PoseNet-Tutorial-V2/Library/PackageCache/com.unity.barracuda@2.1.0-preview/Barracuda/Runtime/Core/Resources/Barracuda/Pool_NHWC.compute kernel=GlobalMaxPool2D_NHWC cachingPP=1 ppOnly=0 stripLineD=0 buildPlatform=2 km=<CHANNELS_FIRST=0>,<UNITY_VERSION=202039> pKW=UNITY_ENABLE_REFLECTION_BUFFERS UNITY_USE_DITHER_MASK_FOR_ALPHABLENDED_SHADOWS UNITY_PBS_USE_BRDF1 UNITY_SPECCUBE_BOX_PROJECTION UNITY_SPECCUBE_BLENDING UNITY_ENABLE_DETAIL_NORMALMAP SHADER_API_DESKTOP UNITY_COLORSPACE_GAMMA UNITY_LIGHT_PROBE_PROXY_VOLUME UNITY_LIGHTMAP_FULL_HDR uKW=SHADER_STAGE_COMPUTE platform=metal flags=4096 ok=1 outsize=7087

Cmd: compileComputeKernel
  insize=10283 file=/Users/colenemec/Desktop/nexersys/MovementDetectionUpgrade/NXS-MovementDetection-Barracuda-PoseNet-Tutorial-V2/Library/PackageCache/com.unity.barracuda@2.1.0-preview/Barracuda/Runtime/Core/Resources/Barracuda/ActivationBase.compute kernel=Floor_Flat cachingPP=1 ppOnly=0 stripLineD=0 buildPlatform=2 km=<UNITY_VERSION=202039> pKW=UNITY_ENABLE_REFLECTION_BUFFERS UNITY_USE_DITHER_MASK_FOR_ALPHABLENDED_SHADOWS UNITY_PBS_USE_BRDF1 UNITY_SPECCUBE_BOX_PROJECTION UNITY_SPECCUBE_BLENDING UNITY_ENABLE_DETAIL_NORMALMAP SHADER_API_DESKTOP UNITY_COLORSPACE_GAMMA UNITY_LIGHT_PROBE_PROXY_VOLUME UNITY_LIGHTMAP_FULL_HDR uKW=SHADER_STAGE_COMPUTE platform=metal flags=4096 ok=1 outsize=1291

Cmd: compileComputeKernel
  insize=10283 file=/Users/colenemec/Desktop/nexersys/MovementDetectionUpgrade/NXS-MovementDetection-Barracuda-PoseNet-Tutorial-V2/Library/PackageCache/com.unity.barracuda@2.1.0-preview/Barracuda/Runtime/Core/Resources/Barracuda/ActivationBase.compute kernel=Round_FlatStrict cachingPP=1 ppOnly=0 stripLineD=0 buildPlatform=2 km=<UNITY_VERSION=202039> pKW=UNITY_ENABLE_REFLECTION_BUFFERS UNITY_USE_DITHER_MASK_FOR_ALPHABLENDED_SHADOWS UNITY_PBS_USE_BRDF1 UNITY_SPECCUBE_BOX_PROJECTION UNITY_SPECCUBE_BLENDING UNITY_ENABLE_DETAIL_NORMALMAP SHADER_API_DESKTOP UNITY_COLORSPACE_GAMMA UNITY_LIGHT_PROBE_PROXY_VOLUME UNITY_LIGHTMAP_FULL_HDR uKW=SHADER_STAGE_COMPUTE platform=metal flags=4096 ok=1 outsize=1230

Cmd: compileComputeKernel
  insize=10283 file=/Users/colenemec/Desktop/nexersys/MovementDetectionUpgrade/NXS-MovementDetection-Barracuda-PoseNet-Tutorial-V2/Library/PackageCache/com.unity.barracuda@2.1.0-preview/Barracuda/Runtime/Core/Resources/Barracuda/ActivationBase.compute kernel=Log_Flat cachingPP=1 ppOnly=0 stripLineD=0 buildPlatform=2 km=<UNITY_VERSION=202039> pKW=UNITY_ENABLE_REFLECTION_BUFFERS UNITY_USE_DITHER_MASK_FOR_ALPHABLENDED_SHADOWS UNITY_PBS_USE_BRDF1 UNITY_SPECCUBE_BOX_PROJECTION UNITY_SPECCUBE_BLENDING UNITY_ENABLE_DETAIL_NORMALMAP SHADER_API_DESKTOP UNITY_COLORSPACE_GAMMA UNITY_LIGHT_PROBE_PROXY_VOLUME UNITY_LIGHTMAP_FULL_HDR uKW=SHADER_STAGE_COMPUTE platform=metal flags=4096 ok=1 outsize=1325

Cmd: compileComputeKernel
  insize=10283 file=/Users/colenemec/Desktop/nexersys/MovementDetectionUpgrade/NXS-MovementDetection-Barracuda-PoseNet-Tutorial-V2/Library/PackageCache/com.unity.barracuda@2.1.0-preview/Barracuda/Runtime/Core/Resources/Barracuda/ActivationBase.compute kernel=Acos_Loop cachingPP=1 ppOnly=0 stripLineD=0 buildPlatform=2 km=<UNITY_VERSION=202039> pKW=UNITY_ENABLE_REFLECTION_BUFFERS UNITY_USE_DITHER_MASK_FOR_ALPHABLENDED_SHADOWS UNITY_PBS_USE_BRDF1 UNITY_SPECCUBE_BOX_PROJECTION UNITY_SPECCUBE_BLENDING UNITY_ENABLE_DETAIL_NORMALMAP SHADER_API_DESKTOP UNITY_COLORSPACE_GAMMA UNITY_LIGHT_PROBE_PROXY_VOLUME UNITY_LIGHTMAP_FULL_HDR uKW=SHADER_STAGE_COMPUTE platform=metal flags=4096 ok=1 outsize=1964

Cmd: compileComputeKernel
  insize=10283 file=/Users/colenemec/Desktop/nexersys/MovementDetectionUpgrade/NXS-MovementDetection-Barracuda-PoseNet-Tutorial-V2/Library/PackageCache/com.unity.barracuda@2.1.0-preview/Barracuda/Runtime/Core/Resources/Barracuda/ActivationBase.compute kernel=Atanh_Loop cachingPP=1 ppOnly=0 stripLineD=0 buildPlatform=2 km=<UNITY_VERSION=202039> pKW=UNITY_ENABLE_REFLECTION_BUFFERS UNITY_USE_DITHER_MASK_FOR_ALPHABLENDED_SHADOWS UNITY_PBS_USE_BRDF1 UNITY_SPECCUBE_BOX_PROJECTION UNITY_SPECCUBE_BLENDING UNITY_ENABLE_DETAIL_NORMALMAP SHADER_API_DESKTOP UNITY_COLORSPACE_GAMMA UNITY_LIGHT_PROBE_PROXY_VOLUME UNITY_LIGHTMAP_FULL_HDR uKW=SHADER_STAGE_COMPUTE platform=metal flags=4096 ok=1 outsize=1624

Cmd: compileComputeKernel
  insize=10283 file=/Users/colenemec/Desktop/nexersys/MovementDetectionUpgrade/NXS-MovementDetection-Barracuda-PoseNet-Tutorial-V2/Library/PackageCache/com.unity.barracuda@2.1.0-preview/Barracuda/Runtime/Core/Resources/Barracuda/ActivationBase.compute kernel=Sinh_FlatStrict cachingPP=1 ppOnly=0 stripLineD=0 buildPlatform=2 km=<UNITY_VERSION=202039> pKW=UNITY_ENABLE_REFLECTION_BUFFERS UNITY_USE_DITHER_MASK_FOR_ALPHABLENDED_SHADOWS UNITY_PBS_USE_BRDF1 UNITY_SPECCUBE_BOX_PROJECTION UNITY_SPECCUBE_BLENDING UNITY_ENABLE_DETAIL_NORMALMAP SHADER_API_DESKTOP UNITY_COLORSPACE_GAMMA UNITY_LIGHT_PROBE_PROXY_VOLUME UNITY_LIGHTMAP_FULL_HDR uKW=SHADER_STAGE_COMPUTE platform=metal flags=4096 ok=1 outsize=1514

Cmd: compileComputeKernel
  insize=10283 file=/Users/colenemec/Desktop/nexersys/MovementDetectionUpgrade/NXS-MovementDetection-Barracuda-PoseNet-Tutorial-V2/Library/PackageCache/com.unity.barracuda@2.1.0-preview/Barracuda/Runtime/Core/Resources/Barracuda/ActivationBase.compute kernel=PRelu_NCHW cachingPP=1 ppOnly=0 stripLineD=0 buildPlatform=2 km=<CHANNELS_FIRST=1>,<UNITY_VERSION=202039> pKW=UNITY_ENABLE_REFLECTION_BUFFERS UNITY_USE_DITHER_MASK_FOR_ALPHABLENDED_SHADOWS UNITY_PBS_USE_BRDF1 UNITY_SPECCUBE_BOX_PROJECTION UNITY_SPECCUBE_BLENDING UNITY_ENABLE_DETAIL_NORMALMAP SHADER_API_DESKTOP UNITY_COLORSPACE_GAMMA UNITY_LIGHT_PROBE_PROXY_VOLUME UNITY_LIGHTMAP_FULL_HDR uKW=SHADER_STAGE_COMPUTE platform=metal flags=4096 ok=1 outsize=3608

Cmd: compileComputeKernel
  insize=10283 file=/Users/colenemec/Desktop/nexersys/MovementDetectionUpgrade/NXS-MovementDetection-Barracuda-PoseNet-Tutorial-V2/Library/PackageCache/com.unity.barracuda@2.1.0-preview/Barracuda/Runtime/Core/Resources/Barracuda/ActivationBase.compute kernel=Swish_Nyxc_NHWC cachingPP=1 ppOnly=0 stripLineD=0 buildPlatform=2 km=<CHANNELS_FIRST=0>,<UNITY_VERSION=202039> pKW=UNITY_ENABLE_REFLECTION_BUFFERS UNITY_USE_DITHER_MASK_FOR_ALPHABLENDED_SHADOWS UNITY_PBS_USE_BRDF1 UNITY_SPECCUBE_BOX_PROJECTION UNITY_SPECCUBE_BLENDING UNITY_ENABLE_DETAIL_NORMALMAP SHADER_API_DESKTOP UNITY_COLORSPACE_GAMMA UNITY_LIGHT_PROBE_PROXY_VOLUME UNITY_LIGHTMAP_FULL_HDR uKW=SHADER_STAGE_COMPUTE platform=metal flags=4096 ok=1 outsize=2702

Cmd: compileComputeKernel
  insize=10283 file=/Users/colenemec/Desktop/nexersys/MovementDetectionUpgrade/NXS-MovementDetection-Barracuda-PoseNet-Tutorial-V2/Library/PackageCache/com.unity.barracuda@2.1.0-preview/Barracuda/Runtime/Core/Resources/Barracuda/ActivationBase.compute kernel=Elu_Nyxc_NHWC cachingPP=1 ppOnly=0 stripLineD=0 buildPlatform=2 km=<CHANNELS_FIRST=0>,<UNITY_VERSION=202039> pKW=UNITY_ENABLE_REFLECTION_BUFFERS UNITY_USE_DITHER_MASK_FOR_ALPHABLENDED_SHADOWS UNITY_PBS_USE_BRDF1 UNITY_SPECCUBE_BOX_PROJECTION UNITY_SPECCUBE_BLENDING UNITY_ENABLE_DETAIL_NORMALMAP SHADER_API_DESKTOP UNITY_COLORSPACE_GAMMA UNITY_LIGHT_PROBE_PROXY_VOLUME UNITY_LIGHTMAP_FULL_HDR uKW=SHADER_STAGE_COMPUTE platform=metal flags=4096 ok=1 outsize=2849

Cmd: compileComputeKernel
  insize=10283 file=/Users/colenemec/Desktop/nexersys/MovementDetectionUpgrade/NXS-MovementDetection-Barracuda-PoseNet-Tutorial-V2/Library/PackageCache/com.unity.barracuda@2.1.0-preview/Barracuda/Runtime/Core/Resources/Barracuda/ActivationBase.compute kernel=Log_Nyxc_NHWC cachingPP=1 ppOnly=0 stripLineD=0 buildPlatform=2 km=<CHANNELS_FIRST=0>,<UNITY_VERSION=202039> pKW=UNITY_ENABLE_REFLECTION_BUFFERS UNITY_USE_DITHER_MASK_FOR_ALPHABLENDED_SHADOWS UNITY_PBS_USE_BRDF1 UNITY_SPECCUBE_BOX_PROJECTION UNITY_SPECCUBE_BLENDING UNITY_ENABLE_DETAIL_NORMALMAP SHADER_API_DESKTOP UNITY_COLORSPACE_GAMMA UNITY_LIGHT_PROBE_PROXY_VOLUME UNITY_LIGHTMAP_FULL_HDR uKW=SHADER_STAGE_COMPUTE platform=metal flags=4096 ok=1 outsize=2619

Cmd: compileComputeKernel
  insize=10283 file=/Users/colenemec/Desktop/nexersys/MovementDetectionUpgrade/NXS-MovementDetection-Barracuda-PoseNet-Tutorial-V2/Library/PackageCache/com.unity.barracuda@2.1.0-preview/Barracuda/Runtime/Core/Resources/Barracuda/ActivationBase.compute kernel=Softmax_NCHW cachingPP=1 ppOnly=0 stripLineD=0 buildPlatform=2 km=<CHANNELS_FIRST=1>,<UNITY_VERSION=202039> pKW=UNITY_ENABLE_REFLECTION_BUFFERS UNITY_USE_DITHER_MASK_FOR_ALPHABLENDED_SHADOWS UNITY_PBS_USE_BRDF1 UNITY_SPECCUBE_BOX_PROJECTION UNITY_SPECCUBE_BLENDING UNITY_ENABLE_DETAIL_NORMALMAP SHADER_API_DESKTOP UNITY_COLORSPACE_GAMMA UNITY_LIGHT_PROBE_PROXY_VOLUME UNITY_LIGHTMAP_FULL_HDR uKW=SHADER_STAGE_COMPUTE platform=metal flags=4096 ok=1 outsize=3448

Cmd: compileComputeKernel
  insize=10283 file=/Users/colenemec/Desktop/nexersys/MovementDetectionUpgrade/NXS-MovementDetection-Barracuda-PoseNet-Tutorial-V2/Library/PackageCache/com.unity.barracuda@2.1.0-preview/Barracuda/Runtime/Core/Resources/Barracuda/ActivationBase.compute kernel=Acosh_NCHW cachingPP=1 ppOnly=0 stripLineD=0 buildPlatform=2 km=<CHANNELS_FIRST=1>,<UNITY_VERSION=202039> pKW=UNITY_ENABLE_REFLECTION_BUFFERS UNITY_USE_DITHER_MASK_FOR_ALPHABLENDED_SHADOWS UNITY_PBS_USE_BRDF1 UNITY_SPECCUBE_BOX_PROJECTION UNITY_SPECCUBE_BLENDING UNITY_ENABLE_DETAIL_NORMALMAP SHADER_API_DESKTOP UNITY_COLORSPACE_GAMMA UNITY_LIGHT_PROBE_PROXY_VOLUME UNITY_LIGHTMAP_FULL_HDR uKW=SHADER_STAGE_COMPUTE platform=metal flags=4096 ok=1 outsize=2645

Cmd: compileComputeKernel
  insize=10283 file=/Users/colenemec/Desktop/nexersys/MovementDetectionUpgrade/NXS-MovementDetection-Barracuda-PoseNet-Tutorial-V2/Library/PackageCache/com.unity.barracuda@2.1.0-preview/Barracuda/Runtime/Core/Resources/Barracuda/ActivationBase.compute kernel=Atan_Nyxc_NHWC cachingPP=1 ppOnly=0 stripLineD=0 buildPlatform=2 km=<CHANNELS_FIRST=0>,<UNITY_VERSION=202039> pKW=UNITY_ENABLE_REFLECTION_BUFFERS UNITY_USE_DITHER_MASK_FOR_ALPHABLENDED_SHADOWS UNITY_PBS_USE_BRDF1 UNITY_SPECCUBE_BOX_PROJECTION UNITY_SPECCUBE_BLENDING UNITY_ENABLE_DETAIL_NORMALMAP SHADER_API_DESKTOP UNITY_COLORSPACE_GAMMA UNITY_LIGHT_PROBE_PROXY_VOLUME UNITY_LIGHTMAP_FULL_HDR uKW=SHADER_STAGE_COMPUTE platform=metal flags=4096 ok=1 outsize=3370

Cmd: compileComputeKernel
  insize=10283 file=/Users/colenemec/Desktop/nexersys/MovementDetectionUpgrade/NXS-MovementDetection-Barracuda-PoseNet-Tutorial-V2/Library/PackageCache/com.unity.barracuda@2.1.0-preview/Barracuda/Runtime/Core/Resources/Barracuda/ActivationBase.compute kernel=Cosh_Nyxc_NHWC cachingPP=1 ppOnly=0 stripLineD=0 buildPlatform=2 km=<CHANNELS_FIRST=0>,<UNITY_VERSION=202039> pKW=UNITY_ENABLE_REFLECTION_BUFFERS UNITY_USE_DITHER_MASK_FOR_ALPHABLENDED_SHADOWS UNITY_PBS_USE_BRDF1 UNITY_SPECCUBE_BOX_PROJECTION UNITY_SPECCUBE_BLENDING UNITY_ENABLE_DETAIL_NORMALMAP SHADER_API_DESKTOP UNITY_COLORSPACE_GAMMA UNITY_LIGHT_PROBE_PROXY_VOLUME UNITY_LIGHTMAP_FULL_HDR uKW=SHADER_STAGE_COMPUTE platform=metal flags=4096 ok=1 outsize=2729

Cmd: compileComputeKernel
  insize=10283 file=/Users/colenemec/Desktop/nexersys/MovementDetectionUpgrade/NXS-MovementDetection-Barracuda-PoseNet-Tutorial-V2/Library/PackageCache/com.unity.barracuda@2.1.0-preview/Barracuda/Runtime/Core/Resources/Barracuda/ActivationBase.compute kernel=Tan_NCHW cachingPP=1 ppOnly=0 stripLineD=0 buildPlatform=2 km=<CHANNELS_FIRST=1>,<UNITY_VERSION=202039> pKW=UNITY_ENABLE_REFLECTION_BUFFERS UNITY_USE_DITHER_MASK_FOR_ALPHABLENDED_SHADOWS UNITY_PBS_USE_BRDF1 UNITY_SPECCUBE_BOX_PROJECTION UNITY_SPECCUBE_BLENDING UNITY_ENABLE_DETAIL_NORMALMAP SHADER_API_DESKTOP UNITY_COLORSPACE_GAMMA UNITY_LIGHT_PROBE_PROXY_VOLUME UNITY_LIGHTMAP_FULL_HDR uKW=SHADER_STAGE_COMPUTE platform=metal flags=4096 ok=1 outsize=2572

Cmd: compileSnippet
  insize=17587 file=Assets/DefaultResourcesExtra/Legacy Shaders/Diffuse pass=FORWARD cachingPP=1 ppOnly=0 stripLineD=0 buildPlatform=2 rsLen=0 pKW=UNITY_ENABLE_REFLECTION_BUFFERS UNITY_USE_DITHER_MASK_FOR_ALPHABLENDED_SHADOWS UNITY_PBS_USE_BRDF1 UNITY_SPECCUBE_BOX_PROJECTION UNITY_SPECCUBE_BLENDING UNITY_ENABLE_DETAIL_NORMALMAP SHADER_API_DESKTOP UNITY_COLORSPACE_GAMMA UNITY_LIGHT_PROBE_PROXY_VOLUME UNITY_LIGHTMAP_FULL_HDR UNITY_PASS_FORWARDBASE uKW=DIRECTIONAL SHADOWS_SCREEN dKW=INSTANCING_ON FOG_LINEAR FOG_EXP FOG_EXP2 LIGHTPROBE_SH SHADOWS_SHADOWMASK DYNAMICLIGHTMAP_ON LIGHTMAP_ON LIGHTMAP_SHADOW_MIXING DIRLIGHTMAP_COMBINED UNITY_NO_DXT5nm UNITY_ENABLE_NATIVE_SHADOW_LOOKUPS UNITY_METAL_SHADOWS_USE_POINT_FILTERING UNITY_NO_SCREENSPACE_SHADOWS UNITY_PBS_USE_BRDF2 UNITY_PBS_USE_BRDF3 UNITY_NO_FULL_STANDARD_SHADER UNITY_HARDWARE_TIER1 UNITY_HARDWARE_TIER2 UNITY_HARDWARE_TIER3 UNITY_HALF_PRECISION_FRAGMENT_SHADER_REGISTERS UNITY_LIGHTMAP_DLDR_ENCODING UNITY_LIGHTMAP_RGBM_ENCODING UNITY_VIRTUAL_TEXTURING UNITY_PRETRANSFORM_TO_DISPLAY_ORIENTATION UNITY_ASTC_NORMALMAP_ENCODING SHADER_API_GLES30 flags=0 lang=0 type=Fragment platform=metal reqs=227 mask=6 start=20 ok=1 outsize=4459

Cmd: compileSnippet
  insize=12683 file=Assets/DefaultResourcesExtra/Legacy Shaders/Diffuse pass=PREPASS cachingPP=1 ppOnly=0 stripLineD=0 buildPlatform=2 rsLen=0 pKW=UNITY_ENABLE_REFLECTION_BUFFERS UNITY_USE_DITHER_MASK_FOR_ALPHABLENDED_SHADOWS UNITY_PBS_USE_BRDF1 UNITY_SPECCUBE_BOX_PROJECTION UNITY_SPECCUBE_BLENDING UNITY_ENABLE_DETAIL_NORMALMAP SHADER_API_DESKTOP UNITY_COLORSPACE_GAMMA UNITY_LIGHT_PROBE_PROXY_VOLUME UNITY_LIGHTMAP_FULL_HDR UNITY_PASS_PREPASSFINAL uKW=LIGHTPROBE_SH dKW=INSTANCING_ON FOG_LINEAR FOG_EXP FOG_EXP2 DYNAMICLIGHTMAP_ON SHADOWS_SHADOWMASK LIGHTMAP_ON DIRLIGHTMAP_COMBINED UNITY_HDR_ON UNITY_NO_DXT5nm UNITY_ENABLE_NATIVE_SHADOW_LOOKUPS UNITY_METAL_SHADOWS_USE_POINT_FILTERING UNITY_NO_SCREENSPACE_SHADOWS UNITY_PBS_USE_BRDF2 UNITY_PBS_USE_BRDF3 UNITY_NO_FULL_STANDARD_SHADER UNITY_HARDWARE_TIER1 UNITY_HARDWARE_TIER2 UNITY_HARDWARE_TIER3 UNITY_HALF_PRECISION_FRAGMENT_SHADER_REGISTERS UNITY_LIGHTMAP_DLDR_ENCODING UNITY_LIGHTMAP_RGBM_ENCODING UNITY_VIRTUAL_TEXTURING UNITY_PRETRANSFORM_TO_DISPLAY_ORIENTATION UNITY_ASTC_NORMALMAP_ENCODING SHADER_API_GLES30 flags=0 lang=0 type=Fragment platform=metal reqs=33 mask=6 start=109 ok=1 outsize=1509

Cmd: compileSnippet
  insize=1569 file=Assets/DefaultResourcesExtra/Hidden/Internal-PrePassLighting pass=Pass 0 cachingPP=1 ppOnly=0 stripLineD=0 buildPlatform=2 rsLen=0 pKW=UNITY_ENABLE_REFLECTION_BUFFERS UNITY_USE_DITHER_MASK_FOR_ALPHABLENDED_SHADOWS UNITY_PBS_USE_BRDF1 UNITY_SPECCUBE_BOX_PROJECTION UNITY_SPECCUBE_BLENDING UNITY_ENABLE_DETAIL_NORMALMAP SHADER_API_DESKTOP UNITY_COLORSPACE_GAMMA UNITY_LIGHT_PROBE_PROXY_VOLUME UNITY_LIGHTMAP_FULL_HDR uKW=POINT_COOKIE dKW=POINT DIRECTIONAL SPOT DIRECTIONAL_COOKIE SHADOWS_SHADOWMASK LIGHTMAP_SHADOW_MIXING SHADOWS_DEPTH SHADOWS_SOFT SHADOWS_SCREEN SHADOWS_CUBE UNITY_NO_DXT5nm UNITY_ENABLE_NATIVE_SHADOW_LOOKUPS UNITY_METAL_SHADOWS_USE_POINT_FILTERING UNITY_NO_SCREENSPACE_SHADOWS UNITY_PBS_USE_BRDF2 UNITY_PBS_USE_BRDF3 UNITY_NO_FULL_STANDARD_SHADER UNITY_HARDWARE_TIER1 UNITY_HARDWARE_TIER2 UNITY_HARDWARE_TIER3 UNITY_HALF_PRECISION_FRAGMENT_SHADER_REGISTERS UNITY_LIGHTMAP_DLDR_ENCODING UNITY_LIGHTMAP_RGBM_ENCODING UNITY_VIRTUAL_TEXTURING UNITY_PRETRANSFORM_TO_DISPLAY_ORIENTATION UNITY_ASTC_NORMALMAP_ENCODING SHADER_API_GLES30 flags=0 lang=0 type=Vertex platform=metal reqs=227 mask=6 start=50 ok=1 outsize=2392

Cmd: compileSnippet
  insize=1569 file=Assets/DefaultResourcesExtra/Hidden/Internal-PrePassLighting pass=Pass 0 cachingPP=1 ppOnly=0 stripLineD=0 buildPlatform=2 rsLen=0 pKW=UNITY_ENABLE_REFLECTION_BUFFERS UNITY_USE_DITHER_MASK_FOR_ALPHABLENDED_SHADOWS UNITY_PBS_USE_BRDF1 UNITY_SPECCUBE_BOX_PROJECTION UNITY_SPECCUBE_BLENDING UNITY_ENABLE_DETAIL_NORMALMAP SHADER_API_DESKTOP UNITY_COLORSPACE_GAMMA UNITY_LIGHT_PROBE_PROXY_VOLUME UNITY_LIGHTMAP_FULL_HDR uKW=SPOT SHADOWS_DEPTH dKW=POINT DIRECTIONAL POINT_COOKIE DIRECTIONAL_COOKIE SHADOWS_SHADOWMASK LIGHTMAP_SHADOW_MIXING SHADOWS_SOFT SHADOWS_SCREEN SHADOWS_CUBE UNITY_NO_DXT5nm UNITY_ENABLE_NATIVE_SHADOW_LOOKUPS UNITY_METAL_SHADOWS_USE_POINT_FILTERING UNITY_NO_SCREENSPACE_SHADOWS UNITY_PBS_USE_BRDF2 UNITY_PBS_USE_BRDF3 UNITY_NO_FULL_STANDARD_SHADER UNITY_HARDWARE_TIER1 UNITY_HARDWARE_TIER2 UNITY_HARDWARE_TIER3 UNITY_HALF_PRECISION_FRAGMENT_SHADER_REGISTERS UNITY_LIGHTMAP_DLDR_ENCODING UNITY_LIGHTMAP_RGBM_ENCODING UNITY_VIRTUAL_TEXTURING UNITY_PRETRANSFORM_TO_DISPLAY_ORIENTATION UNITY_ASTC_NORMALMAP_ENCODING SHADER_API_GLES30 flags=0 lang=0 type=Fragment platform=metal reqs=227 mask=6 start=50 ok=1 outsize=6629

Cmd: compileSnippet
  insize=1562 file=Assets/DefaultResourcesExtra/Hidden/Internal-PrePassLighting pass=Pass 1 cachingPP=1 ppOnly=0 stripLineD=0 buildPlatform=2 rsLen=0 pKW=UNITY_ENABLE_REFLECTION_BUFFERS UNITY_USE_DITHER_MASK_FOR_ALPHABLENDED_SHADOWS UNITY_PBS_USE_BRDF1 UNITY_SPECCUBE_BOX_PROJECTION UNITY_SPECCUBE_BLENDING UNITY_ENABLE_DETAIL_NORMALMAP SHADER_API_DESKTOP UNITY_COLORSPACE_GAMMA UNITY_LIGHT_PROBE_PROXY_VOLUME UNITY_LIGHTMAP_FULL_HDR uKW=POINT_COOKIE SHADOWS_CUBE dKW=POINT DIRECTIONAL SPOT DIRECTIONAL_COOKIE SHADOWS_SHADOWMASK LIGHTMAP_SHADOW_MIXING SHADOWS_DEPTH SHADOWS_SOFT SHADOWS_SCREEN UNITY_NO_DXT5nm UNITY_ENABLE_NATIVE_SHADOW_LOOKUPS UNITY_METAL_SHADOWS_USE_POINT_FILTERING UNITY_NO_SCREENSPACE_SHADOWS UNITY_PBS_USE_BRDF2 UNITY_PBS_USE_BRDF3 UNITY_NO_FULL_STANDARD_SHADER UNITY_HARDWARE_TIER1 UNITY_HARDWARE_TIER2 UNITY_HARDWARE_TIER3 UNITY_HALF_PRECISION_FRAGMENT_SHADER_REGISTERS UNITY_LIGHTMAP_DLDR_ENCODING UNITY_LIGHTMAP_RGBM_ENCODING UNITY_VIRTUAL_TEXTURING UNITY_PRETRANSFORM_TO_DISPLAY_ORIENTATION UNITY_ASTC_NORMALMAP_ENCODING SHADER_API_GLES30 flags=0 lang=0 type=Vertex platform=metal reqs=227 mask=6 start=69 ok=1 outsize=2392

Cmd: compileSnippet
  insize=1562 file=Assets/DefaultResourcesExtra/Hidden/Internal-PrePassLighting pass=Pass 1 cachingPP=1 ppOnly=0 stripLineD=0 buildPlatform=2 rsLen=0 pKW=UNITY_ENABLE_REFLECTION_BUFFERS UNITY_USE_DITHER_MASK_FOR_ALPHABLENDED_SHADOWS UNITY_PBS_USE_BRDF1 UNITY_SPECCUBE_BOX_PROJECTION UNITY_SPECCUBE_BLENDING UNITY_ENABLE_DETAIL_NORMALMAP SHADER_API_DESKTOP UNITY_COLORSPACE_GAMMA UNITY_LIGHT_PROBE_PROXY_VOLUME UNITY_LIGHTMAP_FULL_HDR uKW=POINT_COOKIE dKW=POINT DIRECTIONAL SPOT DIRECTIONAL_COOKIE SHADOWS_SHADOWMASK LIGHTMAP_SHADOW_MIXING SHADOWS_DEPTH SHADOWS_SOFT SHADOWS_SCREEN SHADOWS_CUBE UNITY_NO_DXT5nm UNITY_ENABLE_NATIVE_SHADOW_LOOKUPS UNITY_METAL_SHADOWS_USE_POINT_FILTERING UNITY_NO_SCREENSPACE_SHADOWS UNITY_PBS_USE_BRDF2 UNITY_PBS_USE_BRDF3 UNITY_NO_FULL_STANDARD_SHADER UNITY_HARDWARE_TIER1 UNITY_HARDWARE_TIER2 UNITY_HARDWARE_TIER3 UNITY_HALF_PRECISION_FRAGMENT_SHADER_REGISTERS UNITY_LIGHTMAP_DLDR_ENCODING UNITY_LIGHTMAP_RGBM_ENCODING UNITY_VIRTUAL_TEXTURING UNITY_PRETRANSFORM_TO_DISPLAY_ORIENTATION UNITY_ASTC_NORMALMAP_ENCODING SHADER_API_GLES30 flags=0 lang=0 type=Fragment platform=metal reqs=227 mask=6 start=69 ok=1 outsize=5324

Cmd: compileSnippet
  insize=2104 file=Assets/DefaultResourcesExtra/Hidden/Internal-DeferredShading pass=Pass 0 cachingPP=1 ppOnly=0 stripLineD=0 buildPlatform=2 rsLen=0 pKW=UNITY_ENABLE_REFLECTION_BUFFERS UNITY_USE_DITHER_MASK_FOR_ALPHABLENDED_SHADOWS UNITY_PBS_USE_BRDF1 UNITY_SPECCUBE_BOX_PROJECTION UNITY_SPECCUBE_BLENDING UNITY_ENABLE_DETAIL_NORMALMAP SHADER_API_DESKTOP UNITY_COLORSPACE_GAMMA UNITY_LIGHT_PROBE_PROXY_VOLUME UNITY_LIGHTMAP_FULL_HDR uKW=DIRECTIONAL SHADOWS_SCREEN dKW=UNITY_HDR_ON POINT SPOT POINT_COOKIE DIRECTIONAL_COOKIE SHADOWS_SHADOWMASK LIGHTMAP_SHADOW_MIXING SHADOWS_DEPTH SHADOWS_SOFT SHADOWS_CUBE UNITY_NO_DXT5nm UNITY_ENABLE_NATIVE_SHADOW_LOOKUPS UNITY_METAL_SHADOWS_USE_POINT_FILTERING UNITY_NO_SCREENSPACE_SHADOWS UNITY_PBS_USE_BRDF2 UNITY_PBS_USE_BRDF3 UNITY_NO_FULL_STANDARD_SHADER UNITY_HARDWARE_TIER1 UNITY_HARDWARE_TIER2 UNITY_HARDWARE_TIER3 UNITY_HALF_PRECISION_FRAGMENT_SHADER_REGISTERS UNITY_LIGHTMAP_DLDR_ENCODING UNITY_LIGHTMAP_RGBM_ENCODING UNITY_VIRTUAL_TEXTURING UNITY_PRETRANSFORM_TO_DISPLAY_ORIENTATION UNITY_ASTC_NORMALMAP_ENCODING SHADER_API_GLES30 flags=0 lang=0 type=Vertex platform=metal reqs=227 mask=6 start=18 ok=1 outsize=2392

Cmd: compileSnippet
  insize=2104 file=Assets/DefaultResourcesExtra/Hidden/Internal-DeferredShading pass=Pass 0 cachingPP=1 ppOnly=0 stripLineD=0 buildPlatform=2 rsLen=0 pKW=UNITY_ENABLE_REFLECTION_BUFFERS UNITY_USE_DITHER_MASK_FOR_ALPHABLENDED_SHADOWS UNITY_PBS_USE_BRDF1 UNITY_SPECCUBE_BOX_PROJECTION UNITY_SPECCUBE_BLENDING UNITY_ENABLE_DETAIL_NORMALMAP SHADER_API_DESKTOP UNITY_COLORSPACE_GAMMA UNITY_LIGHT_PROBE_PROXY_VOLUME UNITY_LIGHTMAP_FULL_HDR uKW=SPOT SHADOWS_DEPTH UNITY_HDR_ON dKW=POINT DIRECTIONAL POINT_COOKIE DIRECTIONAL_COOKIE SHADOWS_SHADOWMASK LIGHTMAP_SHADOW_MIXING SHADOWS_SOFT SHADOWS_SCREEN SHADOWS_CUBE UNITY_NO_DXT5nm UNITY_ENABLE_NATIVE_SHADOW_LOOKUPS UNITY_METAL_SHADOWS_USE_POINT_FILTERING UNITY_NO_SCREENSPACE_SHADOWS UNITY_PBS_USE_BRDF2 UNITY_PBS_USE_BRDF3 UNITY_NO_FULL_STANDARD_SHADER UNITY_HARDWARE_TIER1 UNITY_HARDWARE_TIER2 UNITY_HARDWARE_TIER3 UNITY_HALF_PRECISION_FRAGMENT_SHADER_REGISTERS UNITY_LIGHTMAP_DLDR_ENCODING UNITY_LIGHTMAP_RGBM_ENCODING UNITY_VIRTUAL_TEXTURING UNITY_PRETRANSFORM_TO_DISPLAY_ORIENTATION UNITY_ASTC_NORMALMAP_ENCODING SHADER_API_GLES30 flags=0 lang=0 type=Vertex platform=metal reqs=227 mask=6 start=18 ok=1 outsize=2392

Cmd: compileSnippet
  insize=2104 file=Assets/DefaultResourcesExtra/Hidden/Internal-DeferredShading pass=Pass 0 cachingPP=1 ppOnly=0 stripLineD=0 buildPlatform=2 rsLen=0 pKW=UNITY_ENABLE_REFLECTION_BUFFERS UNITY_USE_DITHER_MASK_FOR_ALPHABLENDED_SHADOWS UNITY_PBS_USE_BRDF1 UNITY_SPECCUBE_BOX_PROJECTION UNITY_SPECCUBE_BLENDING UNITY_ENABLE_DETAIL_NORMALMAP SHADER_API_DESKTOP UNITY_COLORSPACE_GAMMA UNITY_LIGHT_PROBE_PROXY_VOLUME UNITY_LIGHTMAP_FULL_HDR uKW=SPOT SHADOWS_DEPTH dKW=UNITY_HDR_ON POINT DIRECTIONAL POINT_COOKIE DIRECTIONAL_COOKIE SHADOWS_SHADOWMASK LIGHTMAP_SHADOW_MIXING SHADOWS_SOFT SHADOWS_SCREEN SHADOWS_CUBE UNITY_NO_DXT5nm UNITY_ENABLE_NATIVE_SHADOW_LOOKUPS UNITY_METAL_SHADOWS_USE_POINT_FILTERING UNITY_NO_SCREENSPACE_SHADOWS UNITY_PBS_USE_BRDF2 UNITY_PBS_USE_BRDF3 UNITY_NO_FULL_STANDARD_SHADER UNITY_HARDWARE_TIER1 UNITY_HARDWARE_TIER2 UNITY_HARDWARE_TIER3 UNITY_HALF_PRECISION_FRAGMENT_SHADER_REGISTERS UNITY_LIGHTMAP_DLDR_ENCODING UNITY_LIGHTMAP_RGBM_ENCODING UNITY_VIRTUAL_TEXTURING UNITY_PRETRANSFORM_TO_DISPLAY_ORIENTATION UNITY_ASTC_NORMALMAP_ENCODING SHADER_API_GLES30 flags=0 lang=0 type=Fragment platform=metal reqs=227 mask=6 start=18 ok=1 outsize=8691

Cmd: compileSnippet
  insize=2104 file=Assets/DefaultResourcesExtra/Hidden/Internal-DeferredShading pass=Pass 0 cachingPP=1 ppOnly=0 stripLineD=0 buildPlatform=2 rsLen=0 pKW=UNITY_ENABLE_REFLECTION_BUFFERS UNITY_USE_DITHER_MASK_FOR_ALPHABLENDED_SHADOWS UNITY_PBS_USE_BRDF1 UNITY_SPECCUBE_BOX_PROJECTION UNITY_SPECCUBE_BLENDING UNITY_ENABLE_DETAIL_NORMALMAP SHADER_API_DESKTOP UNITY_COLORSPACE_GAMMA UNITY_LIGHT_PROBE_PROXY_VOLUME UNITY_LIGHTMAP_FULL_HDR uKW=POINT SHADOWS_CUBE UNITY_HDR_ON dKW=DIRECTIONAL SPOT POINT_COOKIE DIRECTIONAL_COOKIE SHADOWS_SHADOWMASK LIGHTMAP_SHADOW_MIXING SHADOWS_DEPTH SHADOWS_SOFT SHADOWS_SCREEN UNITY_NO_DXT5nm UNITY_ENABLE_NATIVE_SHADOW_LOOKUPS UNITY_METAL_SHADOWS_USE_POINT_FILTERING UNITY_NO_SCREENSPACE_SHADOWS UNITY_PBS_USE_BRDF2 UNITY_PBS_USE_BRDF3 UNITY_NO_FULL_STANDARD_SHADER UNITY_HARDWARE_TIER1 UNITY_HARDWARE_TIER2 UNITY_HARDWARE_TIER3 UNITY_HALF_PRECISION_FRAGMENT_SHADER_REGISTERS UNITY_LIGHTMAP_DLDR_ENCODING UNITY_LIGHTMAP_RGBM_ENCODING UNITY_VIRTUAL_TEXTURING UNITY_PRETRANSFORM_TO_DISPLAY_ORIENTATION UNITY_ASTC_NORMALMAP_ENCODING SHADER_API_GLES30 flags=0 lang=0 type=Fragment platform=metal reqs=227 mask=6 start=18 ok=1 outsize=7880

Cmd: compileSnippet
  insize=1224 file=Assets/DefaultResourcesExtra/Hidden/Internal-DeferredReflections pass=Pass 1 cachingPP=1 ppOnly=0 stripLineD=0 buildPlatform=2 rsLen=0 pKW=UNITY_ENABLE_REFLECTION_BUFFERS UNITY_USE_DITHER_MASK_FOR_ALPHABLENDED_SHADOWS UNITY_PBS_USE_BRDF1 UNITY_SPECCUBE_BOX_PROJECTION UNITY_SPECCUBE_BLENDING UNITY_ENABLE_DETAIL_NORMALMAP SHADER_API_DESKTOP UNITY_COLORSPACE_GAMMA UNITY_LIGHT_PROBE_PROXY_VOLUME UNITY_LIGHTMAP_FULL_HDR uKW=UNITY_HDR_ON dKW=UNITY_NO_DXT5nm UNITY_ENABLE_NATIVE_SHADOW_LOOKUPS UNITY_METAL_SHADOWS_USE_POINT_FILTERING UNITY_NO_SCREENSPACE_SHADOWS UNITY_PBS_USE_BRDF2 UNITY_PBS_USE_BRDF3 UNITY_NO_FULL_STANDARD_SHADER UNITY_HARDWARE_TIER1 UNITY_HARDWARE_TIER2 UNITY_HARDWARE_TIER3 UNITY_HALF_PRECISION_FRAGMENT_SHADER_REGISTERS UNITY_LIGHTMAP_DLDR_ENCODING UNITY_LIGHTMAP_RGBM_ENCODING UNITY_VIRTUAL_TEXTURING UNITY_PRETRANSFORM_TO_DISPLAY_ORIENTATION UNITY_ASTC_NORMALMAP_ENCODING SHADER_API_GLES30 flags=0 lang=0 type=Fragment platform=metal reqs=227 mask=6 start=104 ok=1 outsize=952

Cmd: compileSnippet
  insize=731 file=Assets/DefaultResourcesExtra/Sprites/Default pass=Pass 0 cachingPP=1 ppOnly=0 stripLineD=0 buildPlatform=2 rsLen=0 pKW=UNITY_ENABLE_REFLECTION_BUFFERS UNITY_USE_DITHER_MASK_FOR_ALPHABLENDED_SHADOWS UNITY_PBS_USE_BRDF1 UNITY_SPECCUBE_BOX_PROJECTION UNITY_SPECCUBE_BLENDING UNITY_ENABLE_DETAIL_NORMALMAP SHADER_API_DESKTOP UNITY_COLORSPACE_GAMMA UNITY_LIGHT_PROBE_PROXY_VOLUME UNITY_LIGHTMAP_FULL_HDR uKW=PIXELSNAP_ON dKW=ETC1_EXTERNAL_ALPHA INSTANCING_ON UNITY_NO_DXT5nm UNITY_ENABLE_NATIVE_SHADOW_LOOKUPS UNITY_METAL_SHADOWS_USE_POINT_FILTERING UNITY_NO_SCREENSPACE_SHADOWS UNITY_PBS_USE_BRDF2 UNITY_PBS_USE_BRDF3 UNITY_NO_FULL_STANDARD_SHADER UNITY_HARDWARE_TIER1 UNITY_HARDWARE_TIER2 UNITY_HARDWARE_TIER3 UNITY_HALF_PRECISION_FRAGMENT_SHADER_REGISTERS UNITY_LIGHTMAP_DLDR_ENCODING UNITY_LIGHTMAP_RGBM_ENCODING UNITY_VIRTUAL_TEXTURING UNITY_PRETRANSFORM_TO_DISPLAY_ORIENTATION UNITY_ASTC_NORMALMAP_ENCODING SHADER_API_GLES30 flags=0 lang=0 type=Vertex platform=metal reqs=1 mask=6 start=32 ok=1 outsize=2092

Cmd: compileSnippet
  insize=6285 file=Assets/DefaultResourcesExtra/Hidden/VideoDecode pass=YCbCrA_To_RGBAFull cachingPP=1 ppOnly=0 stripLineD=0 buildPlatform=2 rsLen=0 pKW=UNITY_ENABLE_REFLECTION_BUFFERS UNITY_USE_DITHER_MASK_FOR_ALPHABLENDED_SHADOWS UNITY_PBS_USE_BRDF1 UNITY_SPECCUBE_BOX_PROJECTION UNITY_SPECCUBE_BLENDING UNITY_ENABLE_DETAIL_NORMALMAP SHADER_API_DESKTOP UNITY_COLORSPACE_GAMMA UNITY_LIGHT_PROBE_PROXY_VOLUME UNITY_LIGHTMAP_FULL_HDR uKW=ADJUST_TO_LINEARSPACE dKW=UNITY_NO_DXT5nm UNITY_ENABLE_NATIVE_SHADOW_LOOKUPS UNITY_METAL_SHADOWS_USE_POINT_FILTERING UNITY_NO_SCREENSPACE_SHADOWS UNITY_PBS_USE_BRDF2 UNITY_PBS_USE_BRDF3 UNITY_NO_FULL_STANDARD_SHADER UNITY_HARDWARE_TIER1 UNITY_HARDWARE_TIER2 UNITY_HARDWARE_TIER3 UNITY_HALF_PRECISION_FRAGMENT_SHADER_REGISTERS UNITY_LIGHTMAP_DLDR_ENCODING UNITY_LIGHTMAP_RGBM_ENCODING UNITY_VIRTUAL_TEXTURING UNITY_PRETRANSFORM_TO_DISPLAY_ORIENTATION UNITY_ASTC_NORMALMAP_ENCODING SHADER_API_GLES30 flags=0 lang=0 type=Fragment platform=metal reqs=33 mask=6 start=183 ok=1 outsize=1845

Cmd: compileSnippet
  insize=6279 file=Assets/DefaultResourcesExtra/Hidden/VideoDecode pass=Flip_RGBASplit_To_RGBA cachingPP=1 ppOnly=0 stripLineD=0 buildPlatform=2 rsLen=0 pKW=UNITY_ENABLE_REFLECTION_BUFFERS UNITY_USE_DITHER_MASK_FOR_ALPHABLENDED_SHADOWS UNITY_PBS_USE_BRDF1 UNITY_SPECCUBE_BOX_PROJECTION UNITY_SPECCUBE_BLENDING UNITY_ENABLE_DETAIL_NORMALMAP SHADER_API_DESKTOP UNITY_COLORSPACE_GAMMA UNITY_LIGHT_PROBE_PROXY_VOLUME UNITY_LIGHTMAP_FULL_HDR uKW=ADJUST_TO_LINEARSPACE dKW=UNITY_NO_DXT5nm UNITY_ENABLE_NATIVE_SHADOW_LOOKUPS UNITY_METAL_SHADOWS_USE_POINT_FILTERING UNITY_NO_SCREENSPACE_SHADOWS UNITY_PBS_USE_BRDF2 UNITY_PBS_USE_BRDF3 UNITY_NO_FULL_STANDARD_SHADER UNITY_HARDWARE_TIER1 UNITY_HARDWARE_TIER2 UNITY_HARDWARE_TIER3 UNITY_HALF_PRECISION_FRAGMENT_SHADER_REGISTERS UNITY_LIGHTMAP_DLDR_ENCODING UNITY_LIGHTMAP_RGBM_ENCODING UNITY_VIRTUAL_TEXTURING UNITY_PRETRANSFORM_TO_DISPLAY_ORIENTATION UNITY_ASTC_NORMALMAP_ENCODING SHADER_API_GLES30 flags=0 lang=0 type=Fragment platform=metal reqs=33 mask=6 start=216 ok=1 outsize=1080

Cmd: shutdown

Quitting shader compiler process
